{"/Users/briley/Documents/dmptool-narrative-generator/src/csv.ts": {"path":"/Users/briley/Documents/dmptool-narrative-generator/src/csv.ts","all":false,"statementMap":{"0":{"start":{"line":1,"column":0},"end":{"line":1,"column":8}},"1":{"start":{"line":2,"column":0},"end":{"line":2,"column":30}},"2":{"start":{"line":3,"column":0},"end":{"line":3,"column":16}},"3":{"start":{"line":4,"column":0},"end":{"line":4,"column":22}},"4":{"start":{"line":5,"column":0},"end":{"line":5,"column":24}},"5":{"start":{"line":6,"column":0},"end":{"line":6,"column":20}},"6":{"start":{"line":7,"column":0},"end":{"line":7,"column":24}},"7":{"start":{"line":8,"column":0},"end":{"line":8,"column":51}},"8":{"start":{"line":9,"column":0},"end":{"line":9,"column":38}},"9":{"start":{"line":10,"column":0},"end":{"line":10,"column":47}},"10":{"start":{"line":11,"column":0},"end":{"line":11,"column":0}},"11":{"start":{"line":12,"column":0},"end":{"line":12,"column":71}},"12":{"start":{"line":13,"column":0},"end":{"line":13,"column":40}},"13":{"start":{"line":14,"column":0},"end":{"line":14,"column":46}},"14":{"start":{"line":15,"column":0},"end":{"line":15,"column":33}},"15":{"start":{"line":16,"column":0},"end":{"line":16,"column":20}},"16":{"start":{"line":17,"column":0},"end":{"line":17,"column":66}},"17":{"start":{"line":18,"column":0},"end":{"line":18,"column":47}},"18":{"start":{"line":19,"column":0},"end":{"line":19,"column":12}},"19":{"start":{"line":20,"column":0},"end":{"line":20,"column":0}},"20":{"start":{"line":21,"column":0},"end":{"line":21,"column":21}},"21":{"start":{"line":22,"column":0},"end":{"line":22,"column":68}},"22":{"start":{"line":23,"column":0},"end":{"line":23,"column":78}},"23":{"start":{"line":24,"column":0},"end":{"line":24,"column":12}},"24":{"start":{"line":25,"column":0},"end":{"line":25,"column":0}},"25":{"start":{"line":26,"column":0},"end":{"line":26,"column":23}},"26":{"start":{"line":27,"column":0},"end":{"line":27,"column":70}},"27":{"start":{"line":28,"column":0},"end":{"line":28,"column":54}},"28":{"start":{"line":29,"column":0},"end":{"line":29,"column":12}},"29":{"start":{"line":30,"column":0},"end":{"line":30,"column":0}},"30":{"start":{"line":31,"column":0},"end":{"line":31,"column":22}},"31":{"start":{"line":32,"column":0},"end":{"line":32,"column":26}},"32":{"start":{"line":33,"column":0},"end":{"line":33,"column":65}},"33":{"start":{"line":34,"column":0},"end":{"line":34,"column":42}},"34":{"start":{"line":35,"column":0},"end":{"line":35,"column":7}},"35":{"start":{"line":36,"column":0},"end":{"line":36,"column":12}},"36":{"start":{"line":37,"column":0},"end":{"line":37,"column":0}},"37":{"start":{"line":38,"column":0},"end":{"line":38,"column":29}},"38":{"start":{"line":39,"column":0},"end":{"line":39,"column":72}},"39":{"start":{"line":40,"column":0},"end":{"line":40,"column":110}},"40":{"start":{"line":41,"column":0},"end":{"line":41,"column":12}},"41":{"start":{"line":42,"column":0},"end":{"line":42,"column":0}},"42":{"start":{"line":43,"column":0},"end":{"line":43,"column":20}},"43":{"start":{"line":44,"column":0},"end":{"line":44,"column":44}},"44":{"start":{"line":45,"column":0},"end":{"line":45,"column":0}},"45":{"start":{"line":46,"column":0},"end":{"line":46,"column":12}},"46":{"start":{"line":47,"column":0},"end":{"line":47,"column":69}},"47":{"start":{"line":48,"column":0},"end":{"line":48,"column":11}},"48":{"start":{"line":49,"column":0},"end":{"line":49,"column":3}},"49":{"start":{"line":50,"column":0},"end":{"line":50,"column":22}},"50":{"start":{"line":51,"column":0},"end":{"line":51,"column":1}},"51":{"start":{"line":52,"column":0},"end":{"line":52,"column":0}},"52":{"start":{"line":53,"column":0},"end":{"line":53,"column":80}},"53":{"start":{"line":54,"column":0},"end":{"line":54,"column":31}},"54":{"start":{"line":55,"column":0},"end":{"line":55,"column":23}},"55":{"start":{"line":56,"column":0},"end":{"line":56,"column":0}},"56":{"start":{"line":57,"column":0},"end":{"line":57,"column":34}},"57":{"start":{"line":58,"column":0},"end":{"line":58,"column":44}},"58":{"start":{"line":59,"column":0},"end":{"line":59,"column":33}},"59":{"start":{"line":60,"column":0},"end":{"line":60,"column":41}},"60":{"start":{"line":61,"column":0},"end":{"line":61,"column":30}},"61":{"start":{"line":62,"column":0},"end":{"line":62,"column":5}},"62":{"start":{"line":63,"column":0},"end":{"line":63,"column":38}},"63":{"start":{"line":64,"column":0},"end":{"line":64,"column":31}},"64":{"start":{"line":65,"column":0},"end":{"line":65,"column":5}},"65":{"start":{"line":66,"column":0},"end":{"line":66,"column":27}},"66":{"start":{"line":67,"column":0},"end":{"line":67,"column":0}},"67":{"start":{"line":68,"column":0},"end":{"line":68,"column":22}},"68":{"start":{"line":69,"column":0},"end":{"line":69,"column":64}},"69":{"start":{"line":70,"column":0},"end":{"line":70,"column":56}},"70":{"start":{"line":71,"column":0},"end":{"line":71,"column":23}},"71":{"start":{"line":72,"column":0},"end":{"line":72,"column":57}},"72":{"start":{"line":73,"column":0},"end":{"line":73,"column":0}},"73":{"start":{"line":74,"column":0},"end":{"line":74,"column":45}},"74":{"start":{"line":75,"column":0},"end":{"line":75,"column":42}},"75":{"start":{"line":76,"column":0},"end":{"line":76,"column":9}},"76":{"start":{"line":77,"column":0},"end":{"line":77,"column":42}},"77":{"start":{"line":78,"column":0},"end":{"line":78,"column":43}},"78":{"start":{"line":79,"column":0},"end":{"line":79,"column":9}},"79":{"start":{"line":80,"column":0},"end":{"line":80,"column":31}},"80":{"start":{"line":81,"column":0},"end":{"line":81,"column":23}},"81":{"start":{"line":82,"column":0},"end":{"line":82,"column":9}},"82":{"start":{"line":83,"column":0},"end":{"line":83,"column":7}},"83":{"start":{"line":84,"column":0},"end":{"line":84,"column":3}},"84":{"start":{"line":85,"column":0},"end":{"line":85,"column":52}},"85":{"start":{"line":86,"column":0},"end":{"line":86,"column":1}}},"s":{"0":1,"1":1,"2":1,"3":1,"4":1,"5":1,"6":1,"7":1,"8":1,"9":1,"10":1,"11":12,"12":12,"13":12,"14":12,"15":12,"16":1,"17":1,"18":1,"19":12,"20":12,"21":1,"22":1,"23":1,"24":12,"25":12,"26":1,"27":1,"28":1,"29":12,"30":12,"31":12,"32":2,"33":2,"34":2,"35":2,"36":12,"37":12,"38":2,"39":2,"40":2,"41":12,"42":12,"43":12,"44":12,"45":12,"46":5,"47":5,"48":12,"49":12,"50":12,"51":1,"52":14,"53":14,"54":14,"55":14,"56":14,"57":14,"58":13,"59":13,"60":2,"61":2,"62":13,"63":2,"64":2,"65":13,"66":13,"67":13,"68":13,"69":12,"70":12,"71":12,"72":12,"73":12,"74":1,"75":1,"76":12,"77":1,"78":1,"79":12,"80":12,"81":12,"82":13,"83":13,"84":14,"85":14},"branchMap":{"0":{"type":"branch","line":12,"loc":{"start":{"line":12,"column":0},"end":{"line":51,"column":1}},"locations":[{"start":{"line":12,"column":0},"end":{"line":51,"column":1}}]},"1":{"type":"branch","line":16,"loc":{"start":{"line":16,"column":4},"end":{"line":19,"column":12}},"locations":[{"start":{"line":16,"column":4},"end":{"line":19,"column":12}}]},"2":{"type":"branch","line":21,"loc":{"start":{"line":21,"column":4},"end":{"line":24,"column":12}},"locations":[{"start":{"line":21,"column":4},"end":{"line":24,"column":12}}]},"3":{"type":"branch","line":26,"loc":{"start":{"line":26,"column":4},"end":{"line":29,"column":12}},"locations":[{"start":{"line":26,"column":4},"end":{"line":29,"column":12}}]},"4":{"type":"branch","line":31,"loc":{"start":{"line":31,"column":4},"end":{"line":31,"column":22}},"locations":[{"start":{"line":31,"column":4},"end":{"line":31,"column":22}}]},"5":{"type":"branch","line":32,"loc":{"start":{"line":32,"column":4},"end":{"line":36,"column":12}},"locations":[{"start":{"line":32,"column":4},"end":{"line":36,"column":12}}]},"6":{"type":"branch","line":38,"loc":{"start":{"line":38,"column":4},"end":{"line":41,"column":12}},"locations":[{"start":{"line":38,"column":4},"end":{"line":41,"column":12}}]},"7":{"type":"branch","line":40,"loc":{"start":{"line":40,"column":35},"end":{"line":40,"column":86}},"locations":[{"start":{"line":40,"column":35},"end":{"line":40,"column":86}}]},"8":{"type":"branch","line":40,"loc":{"start":{"line":40,"column":87},"end":{"line":40,"column":109}},"locations":[{"start":{"line":40,"column":87},"end":{"line":40,"column":109}}]},"9":{"type":"branch","line":46,"loc":{"start":{"line":46,"column":4},"end":{"line":48,"column":11}},"locations":[{"start":{"line":46,"column":4},"end":{"line":48,"column":11}}]},"10":{"type":"branch","line":50,"loc":{"start":{"line":50,"column":15},"end":{"line":50,"column":21}},"locations":[{"start":{"line":50,"column":15},"end":{"line":50,"column":21}}]},"11":{"type":"branch","line":53,"loc":{"start":{"line":53,"column":0},"end":{"line":86,"column":1}},"locations":[{"start":{"line":53,"column":0},"end":{"line":86,"column":1}}]},"12":{"type":"branch","line":58,"loc":{"start":{"line":58,"column":31},"end":{"line":58,"column":41}},"locations":[{"start":{"line":58,"column":31},"end":{"line":58,"column":41}}]},"13":{"type":"branch","line":58,"loc":{"start":{"line":58,"column":43},"end":{"line":84,"column":3}},"locations":[{"start":{"line":58,"column":43},"end":{"line":84,"column":3}}]},"14":{"type":"branch","line":60,"loc":{"start":{"line":60,"column":40},"end":{"line":62,"column":5}},"locations":[{"start":{"line":60,"column":40},"end":{"line":62,"column":5}}]},"15":{"type":"branch","line":63,"loc":{"start":{"line":63,"column":37},"end":{"line":65,"column":5}},"locations":[{"start":{"line":63,"column":37},"end":{"line":65,"column":5}}]},"16":{"type":"branch","line":69,"loc":{"start":{"line":69,"column":45},"end":{"line":83,"column":5}},"locations":[{"start":{"line":69,"column":45},"end":{"line":83,"column":5}}]},"17":{"type":"branch","line":70,"loc":{"start":{"line":70,"column":36},"end":{"line":82,"column":7}},"locations":[{"start":{"line":70,"column":36},"end":{"line":82,"column":7}}]},"18":{"type":"branch","line":74,"loc":{"start":{"line":74,"column":44},"end":{"line":76,"column":9}},"locations":[{"start":{"line":74,"column":44},"end":{"line":76,"column":9}}]},"19":{"type":"branch","line":77,"loc":{"start":{"line":77,"column":41},"end":{"line":79,"column":9}},"locations":[{"start":{"line":77,"column":41},"end":{"line":79,"column":9}}]},"20":{"type":"branch","line":80,"loc":{"start":{"line":80,"column":23},"end":{"line":80,"column":29}},"locations":[{"start":{"line":80,"column":23},"end":{"line":80,"column":29}}]}},"b":{"0":[12],"1":[1],"2":[1],"3":[1],"4":[1],"5":[2],"6":[2],"7":[1],"8":[1],"9":[5],"10":[1],"11":[14],"12":[13],"13":[13],"14":[2],"15":[2],"16":[12],"17":[12],"18":[1],"19":[1],"20":[0]},"fnMap":{"0":{"name":"answerToCSV","decl":{"start":{"line":12,"column":0},"end":{"line":51,"column":1}},"loc":{"start":{"line":12,"column":0},"end":{"line":51,"column":1}},"line":12},"1":{"name":"renderCSV","decl":{"start":{"line":53,"column":0},"end":{"line":86,"column":1}},"loc":{"start":{"line":53,"column":0},"end":{"line":86,"column":1}},"line":53}},"f":{"0":12,"1":14}}
,"/Users/briley/Documents/dmptool-narrative-generator/src/helper.ts": {"path":"/Users/briley/Documents/dmptool-narrative-generator/src/helper.ts","all":false,"statementMap":{"0":{"start":{"line":1,"column":0},"end":{"line":1,"column":69}},"1":{"start":{"line":2,"column":0},"end":{"line":2,"column":64}},"2":{"start":{"line":3,"column":0},"end":{"line":3,"column":20}},"3":{"start":{"line":4,"column":0},"end":{"line":4,"column":3}},"4":{"start":{"line":5,"column":0},"end":{"line":5,"column":28}},"5":{"start":{"line":6,"column":0},"end":{"line":6,"column":37}},"6":{"start":{"line":7,"column":0},"end":{"line":7,"column":1}},"7":{"start":{"line":8,"column":0},"end":{"line":8,"column":0}},"8":{"start":{"line":9,"column":0},"end":{"line":9,"column":84}},"9":{"start":{"line":10,"column":0},"end":{"line":10,"column":66}},"10":{"start":{"line":11,"column":0},"end":{"line":11,"column":16}},"11":{"start":{"line":12,"column":0},"end":{"line":12,"column":74}},"12":{"start":{"line":13,"column":0},"end":{"line":13,"column":17}},"13":{"start":{"line":14,"column":0},"end":{"line":14,"column":10}},"14":{"start":{"line":15,"column":0},"end":{"line":15,"column":20}},"15":{"start":{"line":16,"column":0},"end":{"line":16,"column":3}},"16":{"start":{"line":17,"column":0},"end":{"line":17,"column":1}},"17":{"start":{"line":18,"column":0},"end":{"line":18,"column":0}},"18":{"start":{"line":19,"column":0},"end":{"line":19,"column":58}},"19":{"start":{"line":20,"column":0},"end":{"line":20,"column":19}},"20":{"start":{"line":21,"column":0},"end":{"line":21,"column":11}},"21":{"start":{"line":22,"column":0},"end":{"line":22,"column":20}},"22":{"start":{"line":23,"column":0},"end":{"line":23,"column":11}},"23":{"start":{"line":24,"column":0},"end":{"line":24,"column":20}},"24":{"start":{"line":25,"column":0},"end":{"line":25,"column":12}},"25":{"start":{"line":26,"column":0},"end":{"line":26,"column":20}},"26":{"start":{"line":27,"column":0},"end":{"line":27,"column":12}},"27":{"start":{"line":28,"column":0},"end":{"line":28,"column":20}},"28":{"start":{"line":29,"column":0},"end":{"line":29,"column":12}},"29":{"start":{"line":30,"column":0},"end":{"line":30,"column":20}},"30":{"start":{"line":31,"column":0},"end":{"line":31,"column":12}},"31":{"start":{"line":32,"column":0},"end":{"line":32,"column":20}},"32":{"start":{"line":33,"column":0},"end":{"line":33,"column":0}},"33":{"start":{"line":34,"column":0},"end":{"line":34,"column":12}},"34":{"start":{"line":35,"column":0},"end":{"line":35,"column":20}},"35":{"start":{"line":36,"column":0},"end":{"line":36,"column":3}},"36":{"start":{"line":37,"column":0},"end":{"line":37,"column":1}},"37":{"start":{"line":38,"column":0},"end":{"line":38,"column":0}},"38":{"start":{"line":39,"column":0},"end":{"line":39,"column":53}},"39":{"start":{"line":40,"column":0},"end":{"line":40,"column":69}},"40":{"start":{"line":41,"column":0},"end":{"line":41,"column":22}},"41":{"start":{"line":42,"column":0},"end":{"line":42,"column":0}},"42":{"start":{"line":43,"column":0},"end":{"line":43,"column":77}},"43":{"start":{"line":44,"column":0},"end":{"line":44,"column":7}},"44":{"start":{"line":45,"column":0},"end":{"line":45,"column":21}},"45":{"start":{"line":46,"column":0},"end":{"line":46,"column":60}},"46":{"start":{"line":47,"column":0},"end":{"line":47,"column":24}},"47":{"start":{"line":48,"column":0},"end":{"line":48,"column":22}},"48":{"start":{"line":49,"column":0},"end":{"line":49,"column":23}},"49":{"start":{"line":50,"column":0},"end":{"line":50,"column":9}},"50":{"start":{"line":51,"column":0},"end":{"line":51,"column":12}},"51":{"start":{"line":52,"column":0},"end":{"line":52,"column":60}},"52":{"start":{"line":53,"column":0},"end":{"line":53,"column":24}},"53":{"start":{"line":54,"column":0},"end":{"line":54,"column":22}},"54":{"start":{"line":55,"column":0},"end":{"line":55,"column":8}},"55":{"start":{"line":56,"column":0},"end":{"line":56,"column":5}},"56":{"start":{"line":57,"column":0},"end":{"line":57,"column":67}},"57":{"start":{"line":58,"column":0},"end":{"line":58,"column":17}},"58":{"start":{"line":59,"column":0},"end":{"line":59,"column":28}},"59":{"start":{"line":60,"column":0},"end":{"line":60,"column":3}},"60":{"start":{"line":61,"column":0},"end":{"line":61,"column":1}}},"s":{"0":127,"1":127,"2":2,"3":2,"4":125,"5":127,"6":127,"7":1,"8":140,"9":140,"10":8,"11":140,"12":9,"13":132,"14":123,"15":123,"16":140,"17":1,"18":29,"19":29,"20":29,"21":1,"22":29,"23":1,"24":29,"25":1,"26":29,"27":1,"28":29,"29":1,"30":29,"31":2,"32":29,"33":29,"34":22,"35":29,"36":29,"37":1,"38":1,"39":15,"40":15,"41":15,"42":15,"43":15,"44":15,"45":12,"46":12,"47":12,"48":12,"49":12,"50":15,"51":3,"52":3,"53":3,"54":3,"55":3,"56":15,"57":15,"58":0,"59":0,"60":15},"branchMap":{"0":{"type":"branch","line":1,"loc":{"start":{"line":1,"column":0},"end":{"line":7,"column":1}},"locations":[{"start":{"line":1,"column":0},"end":{"line":7,"column":1}}]},"1":{"type":"branch","line":2,"loc":{"start":{"line":2,"column":31},"end":{"line":2,"column":61}},"locations":[{"start":{"line":2,"column":31},"end":{"line":2,"column":61}}]},"2":{"type":"branch","line":2,"loc":{"start":{"line":2,"column":63},"end":{"line":4,"column":3}},"locations":[{"start":{"line":2,"column":63},"end":{"line":4,"column":3}}]},"3":{"type":"branch","line":5,"loc":{"start":{"line":5,"column":-1},"end":{"line":6,"column":20}},"locations":[{"start":{"line":5,"column":-1},"end":{"line":6,"column":20}}]},"4":{"type":"branch","line":6,"loc":{"start":{"line":6,"column":20},"end":{"line":6,"column":30}},"locations":[{"start":{"line":6,"column":20},"end":{"line":6,"column":30}}]},"5":{"type":"branch","line":6,"loc":{"start":{"line":6,"column":31},"end":{"line":6,"column":36}},"locations":[{"start":{"line":6,"column":31},"end":{"line":6,"column":36}}]},"6":{"type":"branch","line":9,"loc":{"start":{"line":9,"column":0},"end":{"line":17,"column":1}},"locations":[{"start":{"line":9,"column":0},"end":{"line":17,"column":1}}]},"7":{"type":"branch","line":10,"loc":{"start":{"line":10,"column":47},"end":{"line":10,"column":60}},"locations":[{"start":{"line":10,"column":47},"end":{"line":10,"column":60}}]},"8":{"type":"branch","line":10,"loc":{"start":{"line":10,"column":65},"end":{"line":12,"column":3}},"locations":[{"start":{"line":10,"column":65},"end":{"line":12,"column":3}}]},"9":{"type":"branch","line":12,"loc":{"start":{"line":12,"column":3},"end":{"line":16,"column":3}},"locations":[{"start":{"line":12,"column":3},"end":{"line":16,"column":3}}]},"10":{"type":"branch","line":12,"loc":{"start":{"line":12,"column":55},"end":{"line":12,"column":68}},"locations":[{"start":{"line":12,"column":55},"end":{"line":12,"column":68}}]},"11":{"type":"branch","line":12,"loc":{"start":{"line":12,"column":73},"end":{"line":14,"column":3}},"locations":[{"start":{"line":12,"column":73},"end":{"line":14,"column":3}}]},"12":{"type":"branch","line":14,"loc":{"start":{"line":14,"column":3},"end":{"line":16,"column":3}},"locations":[{"start":{"line":14,"column":3},"end":{"line":16,"column":3}}]},"13":{"type":"branch","line":19,"loc":{"start":{"line":19,"column":0},"end":{"line":37,"column":1}},"locations":[{"start":{"line":19,"column":0},"end":{"line":37,"column":1}}]},"14":{"type":"branch","line":21,"loc":{"start":{"line":21,"column":4},"end":{"line":22,"column":20}},"locations":[{"start":{"line":21,"column":4},"end":{"line":22,"column":20}}]},"15":{"type":"branch","line":23,"loc":{"start":{"line":23,"column":4},"end":{"line":24,"column":20}},"locations":[{"start":{"line":23,"column":4},"end":{"line":24,"column":20}}]},"16":{"type":"branch","line":25,"loc":{"start":{"line":25,"column":4},"end":{"line":26,"column":20}},"locations":[{"start":{"line":25,"column":4},"end":{"line":26,"column":20}}]},"17":{"type":"branch","line":27,"loc":{"start":{"line":27,"column":4},"end":{"line":28,"column":20}},"locations":[{"start":{"line":27,"column":4},"end":{"line":28,"column":20}}]},"18":{"type":"branch","line":29,"loc":{"start":{"line":29,"column":4},"end":{"line":30,"column":20}},"locations":[{"start":{"line":29,"column":4},"end":{"line":30,"column":20}}]},"19":{"type":"branch","line":31,"loc":{"start":{"line":31,"column":4},"end":{"line":32,"column":20}},"locations":[{"start":{"line":31,"column":4},"end":{"line":32,"column":20}}]},"20":{"type":"branch","line":34,"loc":{"start":{"line":34,"column":4},"end":{"line":35,"column":20}},"locations":[{"start":{"line":34,"column":4},"end":{"line":35,"column":20}}]},"21":{"type":"branch","line":40,"loc":{"start":{"line":40,"column":0},"end":{"line":61,"column":1}},"locations":[{"start":{"line":40,"column":0},"end":{"line":61,"column":1}}]},"22":{"type":"branch","line":45,"loc":{"start":{"line":45,"column":20},"end":{"line":51,"column":5}},"locations":[{"start":{"line":45,"column":20},"end":{"line":51,"column":5}}]},"23":{"type":"branch","line":51,"loc":{"start":{"line":51,"column":5},"end":{"line":56,"column":5}},"locations":[{"start":{"line":51,"column":5},"end":{"line":56,"column":5}}]},"24":{"type":"branch","line":57,"loc":{"start":{"line":57,"column":38},"end":{"line":57,"column":56}},"locations":[{"start":{"line":57,"column":38},"end":{"line":57,"column":56}}]},"25":{"type":"branch","line":57,"loc":{"start":{"line":57,"column":57},"end":{"line":57,"column":66}},"locations":[{"start":{"line":57,"column":57},"end":{"line":57,"column":66}}]},"26":{"type":"branch","line":58,"loc":{"start":{"line":58,"column":4},"end":{"line":60,"column":3}},"locations":[{"start":{"line":58,"column":4},"end":{"line":60,"column":3}}]}},"b":{"0":[127],"1":[7],"2":[2],"3":[125],"4":[120],"5":[5],"6":[140],"7":[19],"8":[8],"9":[132],"10":[11],"11":[9],"12":[123],"13":[29],"14":[1],"15":[1],"16":[1],"17":[1],"18":[1],"19":[2],"20":[22],"21":[15],"22":[12],"23":[3],"24":[1],"25":[14],"26":[0]},"fnMap":{"0":{"name":"safeNumber","decl":{"start":{"line":1,"column":0},"end":{"line":7,"column":1}},"loc":{"start":{"line":1,"column":0},"end":{"line":7,"column":1}},"line":1},"1":{"name":"safeBoolean","decl":{"start":{"line":9,"column":0},"end":{"line":17,"column":1}},"loc":{"start":{"line":9,"column":0},"end":{"line":17,"column":1}},"line":9},"2":{"name":"pointsToFontSize","decl":{"start":{"line":19,"column":0},"end":{"line":37,"column":1}},"loc":{"start":{"line":19,"column":0},"end":{"line":37,"column":1}},"line":19},"3":{"name":"formatDate","decl":{"start":{"line":40,"column":0},"end":{"line":61,"column":1}},"loc":{"start":{"line":40,"column":0},"end":{"line":61,"column":1}},"line":40}},"f":{"0":127,"1":140,"2":29,"3":15}}
,"/Users/briley/Documents/dmptool-narrative-generator/src/html.ts": {"path":"/Users/briley/Documents/dmptool-narrative-generator/src/html.ts","all":false,"statementMap":{"0":{"start":{"line":1,"column":0},"end":{"line":1,"column":36}},"1":{"start":{"line":2,"column":0},"end":{"line":2,"column":34}},"2":{"start":{"line":3,"column":0},"end":{"line":3,"column":50}},"3":{"start":{"line":4,"column":0},"end":{"line":4,"column":8}},"4":{"start":{"line":5,"column":0},"end":{"line":5,"column":26}},"5":{"start":{"line":6,"column":0},"end":{"line":6,"column":16}},"6":{"start":{"line":7,"column":0},"end":{"line":7,"column":18}},"7":{"start":{"line":8,"column":0},"end":{"line":8,"column":18}},"8":{"start":{"line":9,"column":0},"end":{"line":9,"column":8}},"9":{"start":{"line":10,"column":0},"end":{"line":10,"column":30}},"10":{"start":{"line":11,"column":0},"end":{"line":11,"column":18}},"11":{"start":{"line":12,"column":0},"end":{"line":12,"column":16}},"12":{"start":{"line":13,"column":0},"end":{"line":13,"column":17}},"13":{"start":{"line":14,"column":0},"end":{"line":14,"column":22}},"14":{"start":{"line":15,"column":0},"end":{"line":15,"column":24}},"15":{"start":{"line":16,"column":0},"end":{"line":16,"column":18}},"16":{"start":{"line":17,"column":0},"end":{"line":17,"column":20}},"17":{"start":{"line":18,"column":0},"end":{"line":18,"column":24}},"18":{"start":{"line":19,"column":0},"end":{"line":19,"column":0}},"19":{"start":{"line":20,"column":0},"end":{"line":20,"column":50}},"20":{"start":{"line":21,"column":0},"end":{"line":21,"column":33}},"21":{"start":{"line":22,"column":0},"end":{"line":22,"column":15}},"22":{"start":{"line":23,"column":0},"end":{"line":23,"column":19}},"23":{"start":{"line":24,"column":0},"end":{"line":24,"column":14}},"24":{"start":{"line":25,"column":0},"end":{"line":25,"column":18}},"25":{"start":{"line":26,"column":0},"end":{"line":26,"column":12}},"26":{"start":{"line":27,"column":0},"end":{"line":27,"column":23}},"27":{"start":{"line":28,"column":0},"end":{"line":28,"column":3}},"28":{"start":{"line":29,"column":0},"end":{"line":29,"column":1}},"29":{"start":{"line":30,"column":0},"end":{"line":30,"column":0}},"30":{"start":{"line":31,"column":0},"end":{"line":31,"column":61}},"31":{"start":{"line":32,"column":0},"end":{"line":32,"column":53}},"32":{"start":{"line":33,"column":0},"end":{"line":33,"column":47}},"33":{"start":{"line":34,"column":0},"end":{"line":34,"column":0}},"34":{"start":{"line":35,"column":0},"end":{"line":35,"column":45}},"35":{"start":{"line":36,"column":0},"end":{"line":36,"column":61}},"36":{"start":{"line":37,"column":0},"end":{"line":37,"column":65}},"37":{"start":{"line":38,"column":0},"end":{"line":38,"column":3}},"38":{"start":{"line":39,"column":0},"end":{"line":39,"column":0}},"39":{"start":{"line":40,"column":0},"end":{"line":40,"column":68}},"40":{"start":{"line":41,"column":0},"end":{"line":41,"column":64}},"41":{"start":{"line":42,"column":0},"end":{"line":42,"column":34}},"42":{"start":{"line":43,"column":0},"end":{"line":43,"column":67}},"43":{"start":{"line":44,"column":0},"end":{"line":44,"column":3}},"44":{"start":{"line":45,"column":0},"end":{"line":45,"column":0}},"45":{"start":{"line":46,"column":0},"end":{"line":46,"column":48}},"46":{"start":{"line":47,"column":0},"end":{"line":47,"column":34}},"47":{"start":{"line":48,"column":0},"end":{"line":48,"column":22}},"48":{"start":{"line":49,"column":0},"end":{"line":49,"column":58}},"49":{"start":{"line":50,"column":0},"end":{"line":50,"column":14}},"50":{"start":{"line":51,"column":0},"end":{"line":51,"column":0}},"51":{"start":{"line":52,"column":0},"end":{"line":52,"column":24}},"52":{"start":{"line":53,"column":0},"end":{"line":53,"column":28}},"53":{"start":{"line":54,"column":0},"end":{"line":54,"column":67}},"54":{"start":{"line":55,"column":0},"end":{"line":55,"column":76}},"55":{"start":{"line":56,"column":0},"end":{"line":56,"column":47}},"56":{"start":{"line":57,"column":0},"end":{"line":57,"column":9}},"57":{"start":{"line":58,"column":0},"end":{"line":58,"column":14}},"58":{"start":{"line":59,"column":0},"end":{"line":59,"column":0}},"59":{"start":{"line":60,"column":0},"end":{"line":60,"column":23}},"60":{"start":{"line":61,"column":0},"end":{"line":61,"column":70}},"61":{"start":{"line":62,"column":0},"end":{"line":62,"column":84}},"62":{"start":{"line":63,"column":0},"end":{"line":63,"column":14}},"63":{"start":{"line":64,"column":0},"end":{"line":64,"column":0}},"64":{"start":{"line":65,"column":0},"end":{"line":65,"column":25}},"65":{"start":{"line":66,"column":0},"end":{"line":66,"column":72}},"66":{"start":{"line":67,"column":0},"end":{"line":67,"column":62}},"67":{"start":{"line":68,"column":0},"end":{"line":68,"column":14}},"68":{"start":{"line":69,"column":0},"end":{"line":69,"column":0}},"69":{"start":{"line":70,"column":0},"end":{"line":70,"column":19}},"70":{"start":{"line":71,"column":0},"end":{"line":71,"column":50}},"71":{"start":{"line":72,"column":0},"end":{"line":72,"column":46}},"72":{"start":{"line":73,"column":0},"end":{"line":73,"column":38}},"73":{"start":{"line":74,"column":0},"end":{"line":74,"column":30}},"74":{"start":{"line":75,"column":0},"end":{"line":75,"column":0}},"75":{"start":{"line":76,"column":0},"end":{"line":76,"column":19}},"76":{"start":{"line":77,"column":0},"end":{"line":77,"column":43}},"77":{"start":{"line":78,"column":0},"end":{"line":78,"column":66}},"78":{"start":{"line":79,"column":0},"end":{"line":79,"column":37}},"79":{"start":{"line":80,"column":0},"end":{"line":80,"column":9}},"80":{"start":{"line":81,"column":0},"end":{"line":81,"column":0}},"81":{"start":{"line":82,"column":0},"end":{"line":82,"column":36}},"82":{"start":{"line":83,"column":0},"end":{"line":83,"column":34}},"83":{"start":{"line":84,"column":0},"end":{"line":84,"column":85}},"84":{"start":{"line":85,"column":0},"end":{"line":85,"column":47}},"85":{"start":{"line":86,"column":0},"end":{"line":86,"column":49}},"86":{"start":{"line":87,"column":0},"end":{"line":87,"column":49}},"87":{"start":{"line":88,"column":0},"end":{"line":88,"column":22}},"88":{"start":{"line":89,"column":0},"end":{"line":89,"column":0}},"89":{"start":{"line":90,"column":0},"end":{"line":90,"column":35}},"90":{"start":{"line":91,"column":0},"end":{"line":91,"column":20}},"91":{"start":{"line":92,"column":0},"end":{"line":92,"column":0}},"92":{"start":{"line":93,"column":0},"end":{"line":93,"column":40}},"93":{"start":{"line":94,"column":0},"end":{"line":94,"column":14}},"94":{"start":{"line":95,"column":0},"end":{"line":95,"column":0}},"95":{"start":{"line":96,"column":0},"end":{"line":96,"column":18}},"96":{"start":{"line":97,"column":0},"end":{"line":97,"column":65}},"97":{"start":{"line":98,"column":0},"end":{"line":98,"column":47}},"98":{"start":{"line":99,"column":0},"end":{"line":99,"column":14}},"99":{"start":{"line":100,"column":0},"end":{"line":100,"column":0}},"100":{"start":{"line":101,"column":0},"end":{"line":101,"column":22}},"101":{"start":{"line":102,"column":0},"end":{"line":102,"column":63}},"102":{"start":{"line":103,"column":0},"end":{"line":103,"column":14}},"103":{"start":{"line":104,"column":0},"end":{"line":104,"column":0}},"104":{"start":{"line":105,"column":0},"end":{"line":105,"column":20}},"105":{"start":{"line":106,"column":0},"end":{"line":106,"column":62}},"106":{"start":{"line":107,"column":0},"end":{"line":107,"column":14}},"107":{"start":{"line":108,"column":0},"end":{"line":108,"column":0}},"108":{"start":{"line":109,"column":0},"end":{"line":109,"column":21}},"109":{"start":{"line":110,"column":0},"end":{"line":110,"column":55}},"110":{"start":{"line":111,"column":0},"end":{"line":111,"column":14}},"111":{"start":{"line":112,"column":0},"end":{"line":112,"column":0}},"112":{"start":{"line":113,"column":0},"end":{"line":113,"column":31}},"113":{"start":{"line":114,"column":0},"end":{"line":114,"column":74}},"114":{"start":{"line":115,"column":0},"end":{"line":115,"column":34}},"115":{"start":{"line":116,"column":0},"end":{"line":116,"column":123}},"116":{"start":{"line":117,"column":0},"end":{"line":117,"column":16}},"117":{"start":{"line":118,"column":0},"end":{"line":118,"column":49}},"118":{"start":{"line":119,"column":0},"end":{"line":119,"column":9}},"119":{"start":{"line":120,"column":0},"end":{"line":120,"column":14}},"120":{"start":{"line":121,"column":0},"end":{"line":121,"column":0}},"121":{"start":{"line":122,"column":0},"end":{"line":122,"column":17}},"122":{"start":{"line":123,"column":0},"end":{"line":123,"column":83}},"123":{"start":{"line":124,"column":0},"end":{"line":124,"column":14}},"124":{"start":{"line":125,"column":0},"end":{"line":125,"column":0}},"125":{"start":{"line":126,"column":0},"end":{"line":126,"column":19}},"126":{"start":{"line":127,"column":0},"end":{"line":127,"column":74}},"127":{"start":{"line":128,"column":0},"end":{"line":128,"column":14}},"128":{"start":{"line":129,"column":0},"end":{"line":129,"column":0}},"129":{"start":{"line":130,"column":0},"end":{"line":130,"column":14}},"130":{"start":{"line":131,"column":0},"end":{"line":131,"column":55}},"131":{"start":{"line":132,"column":0},"end":{"line":132,"column":38}},"132":{"start":{"line":133,"column":0},"end":{"line":133,"column":14}},"133":{"start":{"line":134,"column":0},"end":{"line":134,"column":5}},"134":{"start":{"line":135,"column":0},"end":{"line":135,"column":3}},"135":{"start":{"line":136,"column":0},"end":{"line":136,"column":13}},"136":{"start":{"line":137,"column":0},"end":{"line":137,"column":1}},"137":{"start":{"line":138,"column":0},"end":{"line":138,"column":0}},"138":{"start":{"line":139,"column":0},"end":{"line":139,"column":70}},"139":{"start":{"line":140,"column":0},"end":{"line":140,"column":84}},"140":{"start":{"line":141,"column":0},"end":{"line":141,"column":65}},"141":{"start":{"line":142,"column":0},"end":{"line":142,"column":46}},"142":{"start":{"line":143,"column":0},"end":{"line":143,"column":61}},"143":{"start":{"line":144,"column":0},"end":{"line":144,"column":62}},"144":{"start":{"line":145,"column":0},"end":{"line":145,"column":1}},"145":{"start":{"line":146,"column":0},"end":{"line":146,"column":0}},"146":{"start":{"line":147,"column":0},"end":{"line":147,"column":70}},"147":{"start":{"line":148,"column":0},"end":{"line":148,"column":86}},"148":{"start":{"line":149,"column":0},"end":{"line":149,"column":25}},"149":{"start":{"line":150,"column":0},"end":{"line":150,"column":116}},"150":{"start":{"line":151,"column":0},"end":{"line":151,"column":7}},"151":{"start":{"line":152,"column":0},"end":{"line":152,"column":0}},"152":{"start":{"line":153,"column":0},"end":{"line":153,"column":82}},"153":{"start":{"line":154,"column":0},"end":{"line":154,"column":1}},"154":{"start":{"line":155,"column":0},"end":{"line":155,"column":0}},"155":{"start":{"line":156,"column":0},"end":{"line":156,"column":53}},"156":{"start":{"line":157,"column":0},"end":{"line":157,"column":52}},"157":{"start":{"line":158,"column":0},"end":{"line":158,"column":0}},"158":{"start":{"line":159,"column":0},"end":{"line":159,"column":74}},"159":{"start":{"line":160,"column":0},"end":{"line":160,"column":75}},"160":{"start":{"line":161,"column":0},"end":{"line":161,"column":61}},"161":{"start":{"line":162,"column":0},"end":{"line":162,"column":3}},"162":{"start":{"line":163,"column":0},"end":{"line":163,"column":0}},"163":{"start":{"line":164,"column":0},"end":{"line":164,"column":79}},"164":{"start":{"line":165,"column":0},"end":{"line":165,"column":61}},"165":{"start":{"line":166,"column":0},"end":{"line":166,"column":3}},"166":{"start":{"line":167,"column":0},"end":{"line":167,"column":0}},"167":{"start":{"line":168,"column":0},"end":{"line":168,"column":63}},"168":{"start":{"line":169,"column":0},"end":{"line":169,"column":99}},"169":{"start":{"line":170,"column":0},"end":{"line":170,"column":73}},"170":{"start":{"line":171,"column":0},"end":{"line":171,"column":0}},"171":{"start":{"line":172,"column":0},"end":{"line":172,"column":98}},"172":{"start":{"line":173,"column":0},"end":{"line":173,"column":32}},"173":{"start":{"line":174,"column":0},"end":{"line":174,"column":169}},"174":{"start":{"line":175,"column":0},"end":{"line":175,"column":7}},"175":{"start":{"line":176,"column":0},"end":{"line":176,"column":0}},"176":{"start":{"line":177,"column":0},"end":{"line":177,"column":62}},"177":{"start":{"line":178,"column":0},"end":{"line":178,"column":3}},"178":{"start":{"line":179,"column":0},"end":{"line":179,"column":0}},"179":{"start":{"line":180,"column":0},"end":{"line":180,"column":64}},"180":{"start":{"line":181,"column":0},"end":{"line":181,"column":80}},"181":{"start":{"line":182,"column":0},"end":{"line":182,"column":59}},"182":{"start":{"line":183,"column":0},"end":{"line":183,"column":0}},"183":{"start":{"line":184,"column":0},"end":{"line":184,"column":78}},"184":{"start":{"line":185,"column":0},"end":{"line":185,"column":0}},"185":{"start":{"line":186,"column":0},"end":{"line":186,"column":27}},"186":{"start":{"line":187,"column":0},"end":{"line":187,"column":69}},"187":{"start":{"line":188,"column":0},"end":{"line":188,"column":50}},"188":{"start":{"line":189,"column":0},"end":{"line":189,"column":62}},"189":{"start":{"line":190,"column":0},"end":{"line":190,"column":0}},"190":{"start":{"line":191,"column":0},"end":{"line":191,"column":23}},"191":{"start":{"line":192,"column":0},"end":{"line":192,"column":100}},"192":{"start":{"line":193,"column":0},"end":{"line":193,"column":5}},"193":{"start":{"line":194,"column":0},"end":{"line":194,"column":3}},"194":{"start":{"line":195,"column":0},"end":{"line":195,"column":74}},"195":{"start":{"line":196,"column":0},"end":{"line":196,"column":3}},"196":{"start":{"line":197,"column":0},"end":{"line":197,"column":0}},"197":{"start":{"line":198,"column":0},"end":{"line":198,"column":59}},"198":{"start":{"line":199,"column":0},"end":{"line":199,"column":86}},"199":{"start":{"line":200,"column":0},"end":{"line":200,"column":63}},"200":{"start":{"line":201,"column":0},"end":{"line":201,"column":0}},"201":{"start":{"line":202,"column":0},"end":{"line":202,"column":31}},"202":{"start":{"line":203,"column":0},"end":{"line":203,"column":33}},"203":{"start":{"line":204,"column":0},"end":{"line":204,"column":23}},"204":{"start":{"line":205,"column":0},"end":{"line":205,"column":22}},"205":{"start":{"line":206,"column":0},"end":{"line":206,"column":42}},"206":{"start":{"line":207,"column":0},"end":{"line":207,"column":38}},"207":{"start":{"line":208,"column":0},"end":{"line":208,"column":45}},"208":{"start":{"line":209,"column":0},"end":{"line":209,"column":34}},"209":{"start":{"line":210,"column":0},"end":{"line":210,"column":4}},"210":{"start":{"line":211,"column":0},"end":{"line":211,"column":0}},"211":{"start":{"line":212,"column":0},"end":{"line":212,"column":36}},"212":{"start":{"line":213,"column":0},"end":{"line":213,"column":36}},"213":{"start":{"line":214,"column":0},"end":{"line":214,"column":40}},"214":{"start":{"line":215,"column":0},"end":{"line":215,"column":37}},"215":{"start":{"line":216,"column":0},"end":{"line":216,"column":23}},"216":{"start":{"line":217,"column":0},"end":{"line":217,"column":3}},"217":{"start":{"line":218,"column":0},"end":{"line":218,"column":0}},"218":{"start":{"line":219,"column":0},"end":{"line":219,"column":54}},"219":{"start":{"line":220,"column":0},"end":{"line":220,"column":197}},"220":{"start":{"line":221,"column":0},"end":{"line":221,"column":0}},"221":{"start":{"line":222,"column":0},"end":{"line":222,"column":88}},"222":{"start":{"line":223,"column":0},"end":{"line":223,"column":29}},"223":{"start":{"line":224,"column":0},"end":{"line":224,"column":0}},"224":{"start":{"line":225,"column":0},"end":{"line":225,"column":35}},"225":{"start":{"line":226,"column":0},"end":{"line":226,"column":30}},"226":{"start":{"line":227,"column":0},"end":{"line":227,"column":60}},"227":{"start":{"line":228,"column":0},"end":{"line":228,"column":53}},"228":{"start":{"line":229,"column":0},"end":{"line":229,"column":107}},"229":{"start":{"line":230,"column":0},"end":{"line":230,"column":9}},"230":{"start":{"line":231,"column":0},"end":{"line":231,"column":46}},"231":{"start":{"line":232,"column":0},"end":{"line":232,"column":115}},"232":{"start":{"line":233,"column":0},"end":{"line":233,"column":9}},"233":{"start":{"line":234,"column":0},"end":{"line":234,"column":46}},"234":{"start":{"line":235,"column":0},"end":{"line":235,"column":61}},"235":{"start":{"line":236,"column":0},"end":{"line":236,"column":9}},"236":{"start":{"line":237,"column":0},"end":{"line":237,"column":49}},"237":{"start":{"line":238,"column":0},"end":{"line":238,"column":153}},"238":{"start":{"line":239,"column":0},"end":{"line":239,"column":9}},"239":{"start":{"line":240,"column":0},"end":{"line":240,"column":0}},"240":{"start":{"line":241,"column":0},"end":{"line":241,"column":25}},"241":{"start":{"line":242,"column":0},"end":{"line":242,"column":44}},"242":{"start":{"line":243,"column":0},"end":{"line":243,"column":37}},"243":{"start":{"line":244,"column":0},"end":{"line":244,"column":37}},"244":{"start":{"line":245,"column":0},"end":{"line":245,"column":40}},"245":{"start":{"line":246,"column":0},"end":{"line":246,"column":8}},"246":{"start":{"line":247,"column":0},"end":{"line":247,"column":44}},"247":{"start":{"line":248,"column":0},"end":{"line":248,"column":72}},"248":{"start":{"line":249,"column":0},"end":{"line":249,"column":25}},"249":{"start":{"line":250,"column":0},"end":{"line":250,"column":158}},"250":{"start":{"line":251,"column":0},"end":{"line":251,"column":166}},"251":{"start":{"line":252,"column":0},"end":{"line":252,"column":70}},"252":{"start":{"line":253,"column":0},"end":{"line":253,"column":204}},"253":{"start":{"line":254,"column":0},"end":{"line":254,"column":8}},"254":{"start":{"line":255,"column":0},"end":{"line":255,"column":5}},"255":{"start":{"line":256,"column":0},"end":{"line":256,"column":0}},"256":{"start":{"line":257,"column":0},"end":{"line":257,"column":12}},"257":{"start":{"line":258,"column":0},"end":{"line":258,"column":33}},"258":{"start":{"line":259,"column":0},"end":{"line":259,"column":59}},"259":{"start":{"line":260,"column":0},"end":{"line":260,"column":74}},"260":{"start":{"line":261,"column":0},"end":{"line":261,"column":123}},"261":{"start":{"line":262,"column":0},"end":{"line":262,"column":61}},"262":{"start":{"line":263,"column":0},"end":{"line":263,"column":60}},"263":{"start":{"line":264,"column":0},"end":{"line":264,"column":25}},"264":{"start":{"line":265,"column":0},"end":{"line":265,"column":14}},"265":{"start":{"line":266,"column":0},"end":{"line":266,"column":5}},"266":{"start":{"line":267,"column":0},"end":{"line":267,"column":0}},"267":{"start":{"line":268,"column":0},"end":{"line":268,"column":82}},"268":{"start":{"line":269,"column":0},"end":{"line":269,"column":96}},"269":{"start":{"line":270,"column":0},"end":{"line":270,"column":3}},"270":{"start":{"line":271,"column":0},"end":{"line":271,"column":0}},"271":{"start":{"line":272,"column":0},"end":{"line":272,"column":63}},"272":{"start":{"line":273,"column":0},"end":{"line":273,"column":69}},"273":{"start":{"line":274,"column":0},"end":{"line":274,"column":65}},"274":{"start":{"line":275,"column":0},"end":{"line":275,"column":79}},"275":{"start":{"line":276,"column":0},"end":{"line":276,"column":37}},"276":{"start":{"line":277,"column":0},"end":{"line":277,"column":127}},"277":{"start":{"line":278,"column":0},"end":{"line":278,"column":16}},"278":{"start":{"line":279,"column":0},"end":{"line":279,"column":3}},"279":{"start":{"line":280,"column":0},"end":{"line":280,"column":0}},"280":{"start":{"line":281,"column":0},"end":{"line":281,"column":85}},"281":{"start":{"line":282,"column":0},"end":{"line":282,"column":92}},"282":{"start":{"line":283,"column":0},"end":{"line":283,"column":65}},"283":{"start":{"line":284,"column":0},"end":{"line":284,"column":3}},"284":{"start":{"line":285,"column":0},"end":{"line":285,"column":0}},"285":{"start":{"line":286,"column":0},"end":{"line":286,"column":84}},"286":{"start":{"line":287,"column":0},"end":{"line":287,"column":90}},"287":{"start":{"line":288,"column":0},"end":{"line":288,"column":80}},"288":{"start":{"line":289,"column":0},"end":{"line":289,"column":3}},"289":{"start":{"line":290,"column":0},"end":{"line":290,"column":0}},"290":{"start":{"line":291,"column":0},"end":{"line":291,"column":51}},"291":{"start":{"line":292,"column":0},"end":{"line":292,"column":72}},"292":{"start":{"line":293,"column":0},"end":{"line":293,"column":28}},"293":{"start":{"line":294,"column":0},"end":{"line":294,"column":3}},"294":{"start":{"line":295,"column":0},"end":{"line":295,"column":0}},"295":{"start":{"line":296,"column":0},"end":{"line":296,"column":61}},"296":{"start":{"line":297,"column":0},"end":{"line":297,"column":27}},"297":{"start":{"line":298,"column":0},"end":{"line":298,"column":35}},"298":{"start":{"line":299,"column":0},"end":{"line":299,"column":26}},"299":{"start":{"line":300,"column":0},"end":{"line":300,"column":22}},"300":{"start":{"line":301,"column":0},"end":{"line":301,"column":85}},"301":{"start":{"line":302,"column":0},"end":{"line":302,"column":11}},"302":{"start":{"line":303,"column":0},"end":{"line":303,"column":39}},"303":{"start":{"line":304,"column":0},"end":{"line":304,"column":8}},"304":{"start":{"line":305,"column":0},"end":{"line":305,"column":10}},"305":{"start":{"line":306,"column":0},"end":{"line":306,"column":28}},"306":{"start":{"line":307,"column":0},"end":{"line":307,"column":30}},"307":{"start":{"line":308,"column":0},"end":{"line":308,"column":13}},"308":{"start":{"line":309,"column":0},"end":{"line":309,"column":15}},"309":{"start":{"line":310,"column":0},"end":{"line":310,"column":45}},"310":{"start":{"line":311,"column":0},"end":{"line":311,"column":49}},"311":{"start":{"line":312,"column":0},"end":{"line":312,"column":51}},"312":{"start":{"line":313,"column":0},"end":{"line":313,"column":47}},"313":{"start":{"line":314,"column":0},"end":{"line":314,"column":9}},"314":{"start":{"line":315,"column":0},"end":{"line":315,"column":14}},"315":{"start":{"line":316,"column":0},"end":{"line":316,"column":43}},"316":{"start":{"line":317,"column":0},"end":{"line":317,"column":39}},"317":{"start":{"line":318,"column":0},"end":{"line":318,"column":44}},"318":{"start":{"line":319,"column":0},"end":{"line":319,"column":9}},"319":{"start":{"line":320,"column":0},"end":{"line":320,"column":22}},"320":{"start":{"line":321,"column":0},"end":{"line":321,"column":35}},"321":{"start":{"line":322,"column":0},"end":{"line":322,"column":9}},"322":{"start":{"line":323,"column":0},"end":{"line":323,"column":23}},"323":{"start":{"line":324,"column":0},"end":{"line":324,"column":36}},"324":{"start":{"line":325,"column":0},"end":{"line":325,"column":9}},"325":{"start":{"line":326,"column":0},"end":{"line":326,"column":12}},"326":{"start":{"line":327,"column":0},"end":{"line":327,"column":27}},"327":{"start":{"line":328,"column":0},"end":{"line":328,"column":9}},"328":{"start":{"line":329,"column":0},"end":{"line":329,"column":12}},"329":{"start":{"line":330,"column":0},"end":{"line":330,"column":27}},"330":{"start":{"line":331,"column":0},"end":{"line":331,"column":9}},"331":{"start":{"line":332,"column":0},"end":{"line":332,"column":12}},"332":{"start":{"line":333,"column":0},"end":{"line":333,"column":27}},"333":{"start":{"line":334,"column":0},"end":{"line":334,"column":9}},"334":{"start":{"line":335,"column":0},"end":{"line":335,"column":26}},"335":{"start":{"line":336,"column":0},"end":{"line":336,"column":28}},"336":{"start":{"line":337,"column":0},"end":{"line":337,"column":30}},"337":{"start":{"line":338,"column":0},"end":{"line":338,"column":9}},"338":{"start":{"line":339,"column":0},"end":{"line":339,"column":21}},"339":{"start":{"line":340,"column":0},"end":{"line":340,"column":30}},"340":{"start":{"line":341,"column":0},"end":{"line":341,"column":9}},"341":{"start":{"line":342,"column":0},"end":{"line":342,"column":22}},"342":{"start":{"line":343,"column":0},"end":{"line":343,"column":30}},"343":{"start":{"line":344,"column":0},"end":{"line":344,"column":9}},"344":{"start":{"line":345,"column":0},"end":{"line":345,"column":25}},"345":{"start":{"line":346,"column":0},"end":{"line":346,"column":27}},"346":{"start":{"line":347,"column":0},"end":{"line":347,"column":28}},"347":{"start":{"line":348,"column":0},"end":{"line":348,"column":9}},"348":{"start":{"line":349,"column":0},"end":{"line":349,"column":24}},"349":{"start":{"line":350,"column":0},"end":{"line":350,"column":28}},"350":{"start":{"line":351,"column":0},"end":{"line":351,"column":9}},"351":{"start":{"line":352,"column":0},"end":{"line":352,"column":48}},"352":{"start":{"line":353,"column":0},"end":{"line":353,"column":46}},"353":{"start":{"line":354,"column":0},"end":{"line":354,"column":9}},"354":{"start":{"line":355,"column":0},"end":{"line":355,"column":15}},"355":{"start":{"line":356,"column":0},"end":{"line":356,"column":36}},"356":{"start":{"line":357,"column":0},"end":{"line":357,"column":9}},"357":{"start":{"line":358,"column":0},"end":{"line":358,"column":23}},"358":{"start":{"line":359,"column":0},"end":{"line":359,"column":28}},"359":{"start":{"line":360,"column":0},"end":{"line":360,"column":27}},"360":{"start":{"line":361,"column":0},"end":{"line":361,"column":27}},"361":{"start":{"line":362,"column":0},"end":{"line":362,"column":9}},"362":{"start":{"line":363,"column":0},"end":{"line":363,"column":16}},"363":{"start":{"line":364,"column":0},"end":{"line":364,"column":45}},"364":{"start":{"line":365,"column":0},"end":{"line":365,"column":23}},"365":{"start":{"line":366,"column":0},"end":{"line":366,"column":9}},"366":{"start":{"line":367,"column":0},"end":{"line":367,"column":22}},"367":{"start":{"line":368,"column":0},"end":{"line":368,"column":28}},"368":{"start":{"line":369,"column":0},"end":{"line":369,"column":30}},"369":{"start":{"line":370,"column":0},"end":{"line":370,"column":9}},"370":{"start":{"line":371,"column":0},"end":{"line":371,"column":28}},"371":{"start":{"line":372,"column":0},"end":{"line":372,"column":30}},"372":{"start":{"line":373,"column":0},"end":{"line":373,"column":9}},"373":{"start":{"line":374,"column":0},"end":{"line":374,"column":31}},"374":{"start":{"line":375,"column":0},"end":{"line":375,"column":29}},"375":{"start":{"line":376,"column":0},"end":{"line":376,"column":9}},"376":{"start":{"line":377,"column":0},"end":{"line":377,"column":38}},"377":{"start":{"line":378,"column":0},"end":{"line":378,"column":29}},"378":{"start":{"line":379,"column":0},"end":{"line":379,"column":9}},"379":{"start":{"line":380,"column":0},"end":{"line":380,"column":14}},"380":{"start":{"line":381,"column":0},"end":{"line":381,"column":11}},"381":{"start":{"line":382,"column":0},"end":{"line":382,"column":10}},"382":{"start":{"line":383,"column":0},"end":{"line":383,"column":41}},"383":{"start":{"line":384,"column":0},"end":{"line":384,"column":26}},"384":{"start":{"line":385,"column":0},"end":{"line":385,"column":12}},"385":{"start":{"line":386,"column":0},"end":{"line":386,"column":30}},"386":{"start":{"line":387,"column":0},"end":{"line":387,"column":32}},"387":{"start":{"line":388,"column":0},"end":{"line":388,"column":28}},"388":{"start":{"line":389,"column":0},"end":{"line":389,"column":70}},"389":{"start":{"line":390,"column":0},"end":{"line":390,"column":14}},"390":{"start":{"line":391,"column":0},"end":{"line":391,"column":13}},"391":{"start":{"line":392,"column":0},"end":{"line":392,"column":26}},"392":{"start":{"line":393,"column":0},"end":{"line":393,"column":99}},"393":{"start":{"line":394,"column":0},"end":{"line":394,"column":14}},"394":{"start":{"line":395,"column":0},"end":{"line":395,"column":13}},"395":{"start":{"line":396,"column":0},"end":{"line":396,"column":35}},"396":{"start":{"line":397,"column":0},"end":{"line":397,"column":14}},"397":{"start":{"line":398,"column":0},"end":{"line":398,"column":13}},"398":{"start":{"line":399,"column":0},"end":{"line":399,"column":194}},"399":{"start":{"line":400,"column":0},"end":{"line":400,"column":14}},"400":{"start":{"line":401,"column":0},"end":{"line":401,"column":13}},"401":{"start":{"line":402,"column":0},"end":{"line":402,"column":162}},"402":{"start":{"line":403,"column":0},"end":{"line":403,"column":14}},"403":{"start":{"line":404,"column":0},"end":{"line":404,"column":13}},"404":{"start":{"line":405,"column":0},"end":{"line":405,"column":137}},"405":{"start":{"line":406,"column":0},"end":{"line":406,"column":14}},"406":{"start":{"line":407,"column":0},"end":{"line":407,"column":13}},"407":{"start":{"line":408,"column":0},"end":{"line":408,"column":127}},"408":{"start":{"line":409,"column":0},"end":{"line":409,"column":14}},"409":{"start":{"line":410,"column":0},"end":{"line":410,"column":13}},"410":{"start":{"line":411,"column":0},"end":{"line":411,"column":48}},"411":{"start":{"line":412,"column":0},"end":{"line":412,"column":14}},"412":{"start":{"line":413,"column":0},"end":{"line":413,"column":13}},"413":{"start":{"line":414,"column":0},"end":{"line":414,"column":67}},"414":{"start":{"line":415,"column":0},"end":{"line":415,"column":14}},"415":{"start":{"line":416,"column":0},"end":{"line":416,"column":13}},"416":{"start":{"line":417,"column":0},"end":{"line":417,"column":37}},"417":{"start":{"line":418,"column":0},"end":{"line":418,"column":44}},"418":{"start":{"line":419,"column":0},"end":{"line":419,"column":38}},"419":{"start":{"line":420,"column":0},"end":{"line":420,"column":18}},"420":{"start":{"line":421,"column":0},"end":{"line":421,"column":14}},"421":{"start":{"line":422,"column":0},"end":{"line":422,"column":13}},"422":{"start":{"line":423,"column":0},"end":{"line":423,"column":66}},"423":{"start":{"line":424,"column":0},"end":{"line":424,"column":14}},"424":{"start":{"line":425,"column":0},"end":{"line":425,"column":13}},"425":{"start":{"line":426,"column":0},"end":{"line":426,"column":62}},"426":{"start":{"line":427,"column":0},"end":{"line":427,"column":14}},"427":{"start":{"line":428,"column":0},"end":{"line":428,"column":13}},"428":{"start":{"line":429,"column":0},"end":{"line":429,"column":57}},"429":{"start":{"line":430,"column":0},"end":{"line":430,"column":14}},"430":{"start":{"line":431,"column":0},"end":{"line":431,"column":14}},"431":{"start":{"line":432,"column":0},"end":{"line":432,"column":29}},"432":{"start":{"line":433,"column":0},"end":{"line":433,"column":13}},"433":{"start":{"line":434,"column":0},"end":{"line":434,"column":0}},"434":{"start":{"line":435,"column":0},"end":{"line":435,"column":51}},"435":{"start":{"line":436,"column":0},"end":{"line":436,"column":24}},"436":{"start":{"line":437,"column":0},"end":{"line":437,"column":10}},"437":{"start":{"line":438,"column":0},"end":{"line":438,"column":0}},"438":{"start":{"line":439,"column":0},"end":{"line":439,"column":43}},"439":{"start":{"line":440,"column":0},"end":{"line":440,"column":47}},"440":{"start":{"line":441,"column":0},"end":{"line":441,"column":31}},"441":{"start":{"line":442,"column":0},"end":{"line":442,"column":53}},"442":{"start":{"line":443,"column":0},"end":{"line":443,"column":40}},"443":{"start":{"line":444,"column":0},"end":{"line":444,"column":41}},"444":{"start":{"line":445,"column":0},"end":{"line":445,"column":48}},"445":{"start":{"line":446,"column":0},"end":{"line":446,"column":21}},"446":{"start":{"line":447,"column":0},"end":{"line":447,"column":19}},"447":{"start":{"line":448,"column":0},"end":{"line":448,"column":29}},"448":{"start":{"line":449,"column":0},"end":{"line":449,"column":33}},"449":{"start":{"line":450,"column":0},"end":{"line":450,"column":38}},"450":{"start":{"line":451,"column":0},"end":{"line":451,"column":56}},"451":{"start":{"line":452,"column":0},"end":{"line":452,"column":48}},"452":{"start":{"line":453,"column":0},"end":{"line":453,"column":25}},"453":{"start":{"line":454,"column":0},"end":{"line":454,"column":37}},"454":{"start":{"line":455,"column":0},"end":{"line":455,"column":50}},"455":{"start":{"line":456,"column":0},"end":{"line":456,"column":67}},"456":{"start":{"line":457,"column":0},"end":{"line":457,"column":39}},"457":{"start":{"line":458,"column":0},"end":{"line":458,"column":25}},"458":{"start":{"line":459,"column":0},"end":{"line":459,"column":22}},"459":{"start":{"line":460,"column":0},"end":{"line":460,"column":23}},"460":{"start":{"line":461,"column":0},"end":{"line":461,"column":18}},"461":{"start":{"line":462,"column":0},"end":{"line":462,"column":19}},"462":{"start":{"line":463,"column":0},"end":{"line":463,"column":16}},"463":{"start":{"line":464,"column":0},"end":{"line":464,"column":17}},"464":{"start":{"line":465,"column":0},"end":{"line":465,"column":13}},"465":{"start":{"line":466,"column":0},"end":{"line":466,"column":27}},"466":{"start":{"line":467,"column":0},"end":{"line":467,"column":0}},"467":{"start":{"line":468,"column":0},"end":{"line":468,"column":47}},"468":{"start":{"line":469,"column":0},"end":{"line":469,"column":23}},"469":{"start":{"line":470,"column":0},"end":{"line":470,"column":55}},"470":{"start":{"line":471,"column":0},"end":{"line":471,"column":43}},"471":{"start":{"line":472,"column":0},"end":{"line":472,"column":0}},"472":{"start":{"line":473,"column":0},"end":{"line":473,"column":27}},"473":{"start":{"line":474,"column":0},"end":{"line":474,"column":30}},"474":{"start":{"line":475,"column":0},"end":{"line":475,"column":36}},"475":{"start":{"line":476,"column":0},"end":{"line":476,"column":19}},"476":{"start":{"line":477,"column":0},"end":{"line":477,"column":0}},"477":{"start":{"line":478,"column":0},"end":{"line":478,"column":46}},"478":{"start":{"line":479,"column":0},"end":{"line":479,"column":0}},"479":{"start":{"line":480,"column":0},"end":{"line":480,"column":31}},"480":{"start":{"line":481,"column":0},"end":{"line":481,"column":15}},"481":{"start":{"line":482,"column":0},"end":{"line":482,"column":13}},"482":{"start":{"line":483,"column":0},"end":{"line":483,"column":0}},"483":{"start":{"line":484,"column":0},"end":{"line":484,"column":44}},"484":{"start":{"line":485,"column":0},"end":{"line":485,"column":46}},"485":{"start":{"line":486,"column":0},"end":{"line":486,"column":55}},"486":{"start":{"line":487,"column":0},"end":{"line":487,"column":32}},"487":{"start":{"line":488,"column":0},"end":{"line":488,"column":0}},"488":{"start":{"line":489,"column":0},"end":{"line":489,"column":65}},"489":{"start":{"line":490,"column":0},"end":{"line":490,"column":0}},"490":{"start":{"line":491,"column":0},"end":{"line":491,"column":31}},"491":{"start":{"line":492,"column":0},"end":{"line":492,"column":15}},"492":{"start":{"line":493,"column":0},"end":{"line":493,"column":13}},"493":{"start":{"line":494,"column":0},"end":{"line":494,"column":11}},"494":{"start":{"line":495,"column":0},"end":{"line":495,"column":9}},"495":{"start":{"line":496,"column":0},"end":{"line":496,"column":5}},"496":{"start":{"line":497,"column":0},"end":{"line":497,"column":24}},"497":{"start":{"line":498,"column":0},"end":{"line":498,"column":1}}},"s":{"0":1,"1":1,"2":1,"3":1,"4":1,"5":1,"6":1,"7":1,"8":1,"9":1,"10":1,"11":1,"12":1,"13":1,"14":1,"15":1,"16":1,"17":1,"18":1,"19":2,"20":2,"21":2,"22":1,"23":2,"24":1,"25":2,"26":0,"27":2,"28":2,"29":1,"30":1,"31":1,"32":1,"33":1,"34":1,"35":1,"36":0,"37":0,"38":1,"39":1,"40":1,"41":1,"42":0,"43":0,"44":1,"45":1,"46":1,"47":1,"48":1,"49":1,"50":1,"51":1,"52":1,"53":0,"54":0,"55":0,"56":0,"57":0,"58":1,"59":1,"60":0,"61":0,"62":0,"63":1,"64":1,"65":0,"66":0,"67":0,"68":1,"69":1,"70":0,"71":0,"72":0,"73":0,"74":0,"75":0,"76":0,"77":0,"78":0,"79":0,"80":0,"81":0,"82":0,"83":0,"84":0,"85":0,"86":0,"87":0,"88":0,"89":0,"90":0,"91":0,"92":0,"93":0,"94":1,"95":1,"96":0,"97":0,"98":0,"99":1,"100":1,"101":0,"102":0,"103":1,"104":1,"105":0,"106":0,"107":1,"108":1,"109":0,"110":0,"111":1,"112":1,"113":0,"114":0,"115":0,"116":0,"117":0,"118":0,"119":0,"120":1,"121":1,"122":0,"123":0,"124":1,"125":1,"126":0,"127":0,"128":1,"129":1,"130":0,"131":0,"132":0,"133":1,"134":1,"135":1,"136":1,"137":1,"138":1,"139":3,"140":3,"141":3,"142":3,"143":3,"144":3,"145":1,"146":2,"147":2,"148":2,"149":2,"150":2,"151":2,"152":2,"153":2,"154":1,"155":1,"156":1,"157":1,"158":1,"159":1,"160":5,"161":1,"162":1,"163":1,"164":5,"165":1,"166":1,"167":1,"168":1,"169":10,"170":2,"171":2,"172":2,"173":1,"174":2,"175":2,"176":10,"177":1,"178":1,"179":1,"180":1,"181":1,"182":1,"183":1,"184":1,"185":1,"186":1,"187":1,"188":2,"189":2,"190":2,"191":2,"192":2,"193":2,"194":1,"195":1,"196":1,"197":1,"198":1,"199":1,"200":1,"201":1,"202":1,"203":1,"204":1,"205":1,"206":1,"207":1,"208":1,"209":1,"210":1,"211":1,"212":1,"213":1,"214":1,"215":1,"216":1,"217":1,"218":1,"219":1,"220":1,"221":1,"222":1,"223":1,"224":1,"225":0,"226":0,"227":0,"228":0,"229":0,"230":0,"231":0,"232":0,"233":0,"234":0,"235":0,"236":0,"237":0,"238":0,"239":0,"240":0,"241":0,"242":0,"243":0,"244":0,"245":0,"246":1,"247":1,"248":1,"249":1,"250":1,"251":1,"252":1,"253":1,"254":1,"255":1,"256":1,"257":1,"258":1,"259":1,"260":1,"261":1,"262":1,"263":1,"264":1,"265":1,"266":1,"267":1,"268":1,"269":1,"270":1,"271":1,"272":1,"273":5,"274":5,"275":5,"276":1,"277":5,"278":1,"279":1,"280":1,"281":5,"282":5,"283":1,"284":1,"285":1,"286":5,"287":5,"288":1,"289":1,"290":1,"291":1,"292":1,"293":1,"294":1,"295":1,"296":5,"297":5,"298":5,"299":5,"300":5,"301":5,"302":5,"303":5,"304":5,"305":5,"306":5,"307":5,"308":5,"309":5,"310":5,"311":5,"312":5,"313":5,"314":5,"315":5,"316":5,"317":5,"318":5,"319":5,"320":5,"321":5,"322":5,"323":5,"324":5,"325":5,"326":5,"327":5,"328":5,"329":5,"330":5,"331":5,"332":5,"333":5,"334":5,"335":5,"336":5,"337":5,"338":5,"339":5,"340":5,"341":5,"342":5,"343":5,"344":5,"345":5,"346":5,"347":5,"348":5,"349":5,"350":5,"351":5,"352":5,"353":5,"354":5,"355":5,"356":5,"357":5,"358":5,"359":5,"360":5,"361":5,"362":5,"363":5,"364":5,"365":5,"366":5,"367":5,"368":5,"369":5,"370":5,"371":5,"372":5,"373":5,"374":5,"375":5,"376":5,"377":5,"378":5,"379":5,"380":5,"381":5,"382":5,"383":5,"384":5,"385":5,"386":5,"387":5,"388":5,"389":5,"390":5,"391":5,"392":5,"393":5,"394":5,"395":5,"396":5,"397":5,"398":5,"399":5,"400":5,"401":5,"402":5,"403":5,"404":5,"405":5,"406":5,"407":5,"408":5,"409":5,"410":5,"411":5,"412":5,"413":5,"414":5,"415":5,"416":5,"417":5,"418":5,"419":5,"420":5,"421":5,"422":5,"423":5,"424":5,"425":5,"426":5,"427":5,"428":5,"429":5,"430":5,"431":5,"432":5,"433":5,"434":5,"435":5,"436":5,"437":5,"438":5,"439":5,"440":5,"441":5,"442":5,"443":5,"444":5,"445":5,"446":5,"447":5,"448":5,"449":5,"450":5,"451":5,"452":5,"453":5,"454":5,"455":5,"456":5,"457":5,"458":5,"459":5,"460":5,"461":5,"462":5,"463":5,"464":5,"465":5,"466":5,"467":5,"468":5,"469":5,"470":5,"471":5,"472":5,"473":5,"474":5,"475":5,"476":5,"477":5,"478":5,"479":5,"480":5,"481":5,"482":5,"483":5,"484":5,"485":5,"486":5,"487":5,"488":5,"489":5,"490":5,"491":5,"492":5,"493":5,"494":5,"495":5,"496":5,"497":5},"branchMap":{"0":{"type":"branch","line":20,"loc":{"start":{"line":20,"column":0},"end":{"line":29,"column":1}},"locations":[{"start":{"line":20,"column":0},"end":{"line":29,"column":1}}]},"1":{"type":"branch","line":22,"loc":{"start":{"line":22,"column":4},"end":{"line":23,"column":19}},"locations":[{"start":{"line":22,"column":4},"end":{"line":23,"column":19}}]},"2":{"type":"branch","line":24,"loc":{"start":{"line":24,"column":4},"end":{"line":25,"column":18}},"locations":[{"start":{"line":24,"column":4},"end":{"line":25,"column":18}}]},"3":{"type":"branch","line":26,"loc":{"start":{"line":26,"column":4},"end":{"line":27,"column":23}},"locations":[{"start":{"line":26,"column":4},"end":{"line":27,"column":23}}]},"4":{"type":"branch","line":32,"loc":{"start":{"line":32,"column":0},"end":{"line":137,"column":1}},"locations":[{"start":{"line":32,"column":0},"end":{"line":137,"column":1}}]},"5":{"type":"branch","line":36,"loc":{"start":{"line":36,"column":60},"end":{"line":38,"column":3}},"locations":[{"start":{"line":36,"column":60},"end":{"line":38,"column":3}}]},"6":{"type":"branch","line":42,"loc":{"start":{"line":42,"column":33},"end":{"line":44,"column":3}},"locations":[{"start":{"line":42,"column":33},"end":{"line":44,"column":3}}]},"7":{"type":"branch","line":46,"loc":{"start":{"line":46,"column":18},"end":{"line":46,"column":45}},"locations":[{"start":{"line":46,"column":18},"end":{"line":46,"column":45}}]},"8":{"type":"branch","line":52,"loc":{"start":{"line":52,"column":6},"end":{"line":52,"column":24}},"locations":[{"start":{"line":52,"column":6},"end":{"line":52,"column":24}}]},"9":{"type":"branch","line":53,"loc":{"start":{"line":53,"column":6},"end":{"line":58,"column":14}},"locations":[{"start":{"line":53,"column":6},"end":{"line":58,"column":14}}]},"10":{"type":"branch","line":60,"loc":{"start":{"line":60,"column":6},"end":{"line":63,"column":14}},"locations":[{"start":{"line":60,"column":6},"end":{"line":63,"column":14}}]},"11":{"type":"branch","line":65,"loc":{"start":{"line":65,"column":6},"end":{"line":68,"column":14}},"locations":[{"start":{"line":65,"column":6},"end":{"line":68,"column":14}}]},"12":{"type":"branch","line":70,"loc":{"start":{"line":70,"column":6},"end":{"line":94,"column":14}},"locations":[{"start":{"line":70,"column":6},"end":{"line":94,"column":14}}]},"13":{"type":"branch","line":96,"loc":{"start":{"line":96,"column":6},"end":{"line":99,"column":14}},"locations":[{"start":{"line":96,"column":6},"end":{"line":99,"column":14}}]},"14":{"type":"branch","line":101,"loc":{"start":{"line":101,"column":6},"end":{"line":103,"column":14}},"locations":[{"start":{"line":101,"column":6},"end":{"line":103,"column":14}}]},"15":{"type":"branch","line":105,"loc":{"start":{"line":105,"column":6},"end":{"line":107,"column":14}},"locations":[{"start":{"line":105,"column":6},"end":{"line":107,"column":14}}]},"16":{"type":"branch","line":109,"loc":{"start":{"line":109,"column":6},"end":{"line":111,"column":14}},"locations":[{"start":{"line":109,"column":6},"end":{"line":111,"column":14}}]},"17":{"type":"branch","line":113,"loc":{"start":{"line":113,"column":6},"end":{"line":120,"column":14}},"locations":[{"start":{"line":113,"column":6},"end":{"line":120,"column":14}}]},"18":{"type":"branch","line":122,"loc":{"start":{"line":122,"column":6},"end":{"line":124,"column":14}},"locations":[{"start":{"line":122,"column":6},"end":{"line":124,"column":14}}]},"19":{"type":"branch","line":126,"loc":{"start":{"line":126,"column":6},"end":{"line":128,"column":14}},"locations":[{"start":{"line":126,"column":6},"end":{"line":128,"column":14}}]},"20":{"type":"branch","line":130,"loc":{"start":{"line":130,"column":6},"end":{"line":133,"column":14}},"locations":[{"start":{"line":130,"column":6},"end":{"line":133,"column":14}}]},"21":{"type":"branch","line":140,"loc":{"start":{"line":140,"column":0},"end":{"line":145,"column":1}},"locations":[{"start":{"line":140,"column":0},"end":{"line":145,"column":1}}]},"22":{"type":"branch","line":143,"loc":{"start":{"line":143,"column":26},"end":{"line":143,"column":48}},"locations":[{"start":{"line":143,"column":26},"end":{"line":143,"column":48}}]},"23":{"type":"branch","line":143,"loc":{"start":{"line":143,"column":49},"end":{"line":143,"column":60}},"locations":[{"start":{"line":143,"column":49},"end":{"line":143,"column":60}}]},"24":{"type":"branch","line":147,"loc":{"start":{"line":147,"column":0},"end":{"line":154,"column":1}},"locations":[{"start":{"line":147,"column":0},"end":{"line":154,"column":1}}]},"25":{"type":"branch","line":153,"loc":{"start":{"line":153,"column":26},"end":{"line":153,"column":32}},"locations":[{"start":{"line":153,"column":26},"end":{"line":153,"column":32}}]},"26":{"type":"branch","line":148,"loc":{"start":{"line":148,"column":37},"end":{"line":148,"column":85}},"locations":[{"start":{"line":148,"column":37},"end":{"line":148,"column":85}}]},"27":{"type":"branch","line":149,"loc":{"start":{"line":149,"column":9},"end":{"line":151,"column":5}},"locations":[{"start":{"line":149,"column":9},"end":{"line":151,"column":5}}]},"28":{"type":"branch","line":150,"loc":{"start":{"line":150,"column":28},"end":{"line":150,"column":43}},"locations":[{"start":{"line":150,"column":28},"end":{"line":150,"column":43}}]},"29":{"type":"branch","line":150,"loc":{"start":{"line":150,"column":44},"end":{"line":150,"column":115}},"locations":[{"start":{"line":150,"column":44},"end":{"line":150,"column":115}}]},"30":{"type":"branch","line":153,"loc":{"start":{"line":153,"column":43},"end":{"line":153,"column":71}},"locations":[{"start":{"line":153,"column":43},"end":{"line":153,"column":71}}]},"31":{"type":"branch","line":160,"loc":{"start":{"line":160,"column":43},"end":{"line":162,"column":2}},"locations":[{"start":{"line":160,"column":43},"end":{"line":162,"column":2}}]},"32":{"type":"branch","line":164,"loc":{"start":{"line":164,"column":45},"end":{"line":166,"column":2}},"locations":[{"start":{"line":164,"column":45},"end":{"line":166,"column":2}}]},"33":{"type":"branch","line":169,"loc":{"start":{"line":169,"column":49},"end":{"line":178,"column":2}},"locations":[{"start":{"line":169,"column":49},"end":{"line":178,"column":2}}]},"34":{"type":"branch","line":170,"loc":{"start":{"line":170,"column":63},"end":{"line":170,"column":73}},"locations":[{"start":{"line":170,"column":63},"end":{"line":170,"column":73}}]},"35":{"type":"branch","line":171,"loc":{"start":{"line":171,"column":-1},"end":{"line":177,"column":26}},"locations":[{"start":{"line":171,"column":-1},"end":{"line":177,"column":26}}]},"36":{"type":"branch","line":177,"loc":{"start":{"line":177,"column":26},"end":{"line":177,"column":44}},"locations":[{"start":{"line":177,"column":26},"end":{"line":177,"column":44}}]},"37":{"type":"branch","line":177,"loc":{"start":{"line":177,"column":45},"end":{"line":177,"column":61}},"locations":[{"start":{"line":177,"column":45},"end":{"line":177,"column":61}}]},"38":{"type":"branch","line":172,"loc":{"start":{"line":172,"column":44},"end":{"line":172,"column":97}},"locations":[{"start":{"line":172,"column":44},"end":{"line":172,"column":97}}]},"39":{"type":"branch","line":173,"loc":{"start":{"line":173,"column":9},"end":{"line":175,"column":5}},"locations":[{"start":{"line":173,"column":9},"end":{"line":175,"column":5}}]},"40":{"type":"branch","line":174,"loc":{"start":{"line":174,"column":42},"end":{"line":174,"column":54}},"locations":[{"start":{"line":174,"column":42},"end":{"line":174,"column":54}}]},"41":{"type":"branch","line":174,"loc":{"start":{"line":174,"column":55},"end":{"line":174,"column":149}},"locations":[{"start":{"line":174,"column":55},"end":{"line":174,"column":149}}]},"42":{"type":"branch","line":181,"loc":{"start":{"line":181,"column":48},"end":{"line":196,"column":2}},"locations":[{"start":{"line":181,"column":48},"end":{"line":196,"column":2}}]},"43":{"type":"branch","line":182,"loc":{"start":{"line":182,"column":49},"end":{"line":182,"column":59}},"locations":[{"start":{"line":182,"column":49},"end":{"line":182,"column":59}}]},"44":{"type":"branch","line":188,"loc":{"start":{"line":188,"column":49},"end":{"line":194,"column":3}},"locations":[{"start":{"line":188,"column":49},"end":{"line":194,"column":3}}]},"45":{"type":"branch","line":195,"loc":{"start":{"line":195,"column":26},"end":{"line":195,"column":44}},"locations":[{"start":{"line":195,"column":26},"end":{"line":195,"column":44}}]},"46":{"type":"branch","line":184,"loc":{"start":{"line":184,"column":40},"end":{"line":184,"column":69}},"locations":[{"start":{"line":184,"column":40},"end":{"line":184,"column":69}}]},"47":{"type":"branch","line":199,"loc":{"start":{"line":199,"column":52},"end":{"line":270,"column":2}},"locations":[{"start":{"line":199,"column":52},"end":{"line":270,"column":2}}]},"48":{"type":"branch","line":200,"loc":{"start":{"line":200,"column":53},"end":{"line":200,"column":63}},"locations":[{"start":{"line":200,"column":53},"end":{"line":200,"column":63}}]},"49":{"type":"branch","line":268,"loc":{"start":{"line":268,"column":31},"end":{"line":268,"column":67}},"locations":[{"start":{"line":268,"column":31},"end":{"line":268,"column":67}}]},"50":{"type":"branch","line":219,"loc":{"start":{"line":219,"column":36},"end":{"line":266,"column":3}},"locations":[{"start":{"line":219,"column":36},"end":{"line":266,"column":3}}]},"51":{"type":"branch","line":220,"loc":{"start":{"line":220,"column":192},"end":{"line":220,"column":196}},"locations":[{"start":{"line":220,"column":192},"end":{"line":220,"column":196}}]},"52":{"type":"branch","line":222,"loc":{"start":{"line":222,"column":83},"end":{"line":222,"column":87}},"locations":[{"start":{"line":222,"column":83},"end":{"line":222,"column":87}}]},"53":{"type":"branch","line":225,"loc":{"start":{"line":225,"column":34},"end":{"line":247,"column":5}},"locations":[{"start":{"line":225,"column":34},"end":{"line":247,"column":5}}]},"54":{"type":"branch","line":250,"loc":{"start":{"line":250,"column":135},"end":{"line":250,"column":150}},"locations":[{"start":{"line":250,"column":135},"end":{"line":250,"column":150}}]},"55":{"type":"branch","line":251,"loc":{"start":{"line":251,"column":143},"end":{"line":251,"column":158}},"locations":[{"start":{"line":251,"column":143},"end":{"line":251,"column":158}}]},"56":{"type":"branch","line":253,"loc":{"start":{"line":253,"column":181},"end":{"line":253,"column":196}},"locations":[{"start":{"line":253,"column":181},"end":{"line":253,"column":196}}]},"57":{"type":"branch","line":260,"loc":{"start":{"line":260,"column":55},"end":{"line":260,"column":66}},"locations":[{"start":{"line":260,"column":55},"end":{"line":260,"column":66}}]},"58":{"type":"branch","line":261,"loc":{"start":{"line":261,"column":34},"end":{"line":261,"column":87}},"locations":[{"start":{"line":261,"column":34},"end":{"line":261,"column":87}}]},"59":{"type":"branch","line":261,"loc":{"start":{"line":261,"column":102},"end":{"line":261,"column":115}},"locations":[{"start":{"line":261,"column":102},"end":{"line":261,"column":115}}]},"60":{"type":"branch","line":220,"loc":{"start":{"line":220,"column":75},"end":{"line":220,"column":190}},"locations":[{"start":{"line":220,"column":75},"end":{"line":220,"column":190}}]},"61":{"type":"branch","line":269,"loc":{"start":{"line":269,"column":51},"end":{"line":269,"column":75}},"locations":[{"start":{"line":269,"column":51},"end":{"line":269,"column":75}}]},"62":{"type":"branch","line":273,"loc":{"start":{"line":273,"column":37},"end":{"line":279,"column":2}},"locations":[{"start":{"line":273,"column":37},"end":{"line":279,"column":2}}]},"63":{"type":"branch","line":274,"loc":{"start":{"line":274,"column":28},"end":{"line":274,"column":56}},"locations":[{"start":{"line":274,"column":28},"end":{"line":274,"column":56}}]},"64":{"type":"branch","line":275,"loc":{"start":{"line":275,"column":27},"end":{"line":275,"column":77}},"locations":[{"start":{"line":275,"column":27},"end":{"line":275,"column":77}}]},"65":{"type":"branch","line":276,"loc":{"start":{"line":276,"column":21},"end":{"line":278,"column":3}},"locations":[{"start":{"line":276,"column":21},"end":{"line":278,"column":3}}]},"66":{"type":"branch","line":277,"loc":{"start":{"line":277,"column":115},"end":{"line":277,"column":126}},"locations":[{"start":{"line":277,"column":115},"end":{"line":277,"column":126}}]},"67":{"type":"branch","line":281,"loc":{"start":{"line":281,"column":53},"end":{"line":284,"column":2}},"locations":[{"start":{"line":281,"column":53},"end":{"line":284,"column":2}}]},"68":{"type":"branch","line":283,"loc":{"start":{"line":283,"column":28},"end":{"line":283,"column":46}},"locations":[{"start":{"line":283,"column":28},"end":{"line":283,"column":46}}]},"69":{"type":"branch","line":283,"loc":{"start":{"line":283,"column":47},"end":{"line":283,"column":64}},"locations":[{"start":{"line":283,"column":47},"end":{"line":283,"column":64}}]},"70":{"type":"branch","line":282,"loc":{"start":{"line":282,"column":38},"end":{"line":282,"column":83}},"locations":[{"start":{"line":282,"column":38},"end":{"line":282,"column":83}}]},"71":{"type":"branch","line":286,"loc":{"start":{"line":286,"column":51},"end":{"line":289,"column":2}},"locations":[{"start":{"line":286,"column":51},"end":{"line":289,"column":2}}]},"72":{"type":"branch","line":288,"loc":{"start":{"line":288,"column":28},"end":{"line":288,"column":46}},"locations":[{"start":{"line":288,"column":28},"end":{"line":288,"column":46}}]},"73":{"type":"branch","line":288,"loc":{"start":{"line":288,"column":47},"end":{"line":288,"column":79}},"locations":[{"start":{"line":288,"column":47},"end":{"line":288,"column":79}}]},"74":{"type":"branch","line":287,"loc":{"start":{"line":287,"column":38},"end":{"line":287,"column":81}},"locations":[{"start":{"line":287,"column":38},"end":{"line":287,"column":81}}]},"75":{"type":"branch","line":292,"loc":{"start":{"line":292,"column":42},"end":{"line":294,"column":2}},"locations":[{"start":{"line":292,"column":42},"end":{"line":294,"column":2}}]},"76":{"type":"branch","line":297,"loc":{"start":{"line":297,"column":0},"end":{"line":498,"column":1}},"locations":[{"start":{"line":297,"column":0},"end":{"line":498,"column":1}}]}},"b":{"0":[2],"1":[1],"2":[1],"3":[0],"4":[1],"5":[0],"6":[0],"7":[0],"8":[0],"9":[0],"10":[0],"11":[0],"12":[0],"13":[0],"14":[0],"15":[0],"16":[0],"17":[0],"18":[0],"19":[0],"20":[0],"21":[3],"22":[2],"23":[1],"24":[2],"25":[0],"26":[4],"27":[2],"28":[1],"29":[1],"30":[2],"31":[5],"32":[5],"33":[10],"34":[8],"35":[2],"36":[1],"37":[1],"38":[2],"39":[1],"40":[0],"41":[0],"42":[1],"43":[0],"44":[2],"45":[0],"46":[2],"47":[1],"48":[0],"49":[0],"50":[1],"51":[0],"52":[0],"53":[0],"54":[0],"55":[0],"56":[0],"57":[0],"58":[0],"59":[0],"60":[1],"61":[1],"62":[5],"63":[1],"64":[1],"65":[1],"66":[0],"67":[5],"68":[4],"69":[1],"70":[1],"71":[5],"72":[4],"73":[1],"74":[1],"75":[1],"76":[5]},"fnMap":{"0":{"name":"safeYesNoUnknown","decl":{"start":{"line":20,"column":0},"end":{"line":29,"column":1}},"loc":{"start":{"line":20,"column":0},"end":{"line":29,"column":1}},"line":20},"1":{"name":"answerToHTML","decl":{"start":{"line":32,"column":0},"end":{"line":137,"column":1}},"loc":{"start":{"line":32,"column":0},"end":{"line":137,"column":1}},"line":32},"2":{"name":"workTypeForDisplay","decl":{"start":{"line":140,"column":0},"end":{"line":145,"column":1}},"loc":{"start":{"line":140,"column":0},"end":{"line":145,"column":1}},"line":140},"3":{"name":"relatedWorksForType","decl":{"start":{"line":147,"column":0},"end":{"line":154,"column":1}},"loc":{"start":{"line":147,"column":0},"end":{"line":154,"column":1}},"line":147},"4":{"name":"renderHTML","decl":{"start":{"line":297,"column":0},"end":{"line":498,"column":1}},"loc":{"start":{"line":297,"column":0},"end":{"line":498,"column":1}},"line":297}},"f":{"0":2,"1":1,"2":3,"3":2,"4":5}}
,"/Users/briley/Documents/dmptool-narrative-generator/src/logger.ts": {"path":"/Users/briley/Documents/dmptool-narrative-generator/src/logger.ts","all":false,"statementMap":{"0":{"start":{"line":1,"column":0},"end":{"line":1,"column":33}},"1":{"start":{"line":2,"column":0},"end":{"line":2,"column":36}},"2":{"start":{"line":3,"column":0},"end":{"line":3,"column":53}},"3":{"start":{"line":4,"column":0},"end":{"line":4,"column":0}},"4":{"start":{"line":5,"column":0},"end":{"line":5,"column":2}},"5":{"start":{"line":6,"column":0},"end":{"line":6,"column":71}},"6":{"start":{"line":7,"column":0},"end":{"line":7,"column":70}},"7":{"start":{"line":8,"column":0},"end":{"line":8,"column":57}},"8":{"start":{"line":9,"column":0},"end":{"line":9,"column":3}},"9":{"start":{"line":10,"column":0},"end":{"line":10,"column":0}},"10":{"start":{"line":11,"column":0},"end":{"line":11,"column":16}},"11":{"start":{"line":12,"column":0},"end":{"line":12,"column":0}},"12":{"start":{"line":13,"column":0},"end":{"line":13,"column":49}},"13":{"start":{"line":14,"column":0},"end":{"line":14,"column":0}},"14":{"start":{"line":15,"column":0},"end":{"line":15,"column":72}},"15":{"start":{"line":16,"column":0},"end":{"line":16,"column":0}},"16":{"start":{"line":17,"column":0},"end":{"line":17,"column":32}},"17":{"start":{"line":18,"column":0},"end":{"line":18,"column":14}},"18":{"start":{"line":19,"column":0},"end":{"line":19,"column":14}},"19":{"start":{"line":20,"column":0},"end":{"line":20,"column":21}},"20":{"start":{"line":21,"column":0},"end":{"line":21,"column":15}},"21":{"start":{"line":22,"column":0},"end":{"line":22,"column":18}},"22":{"start":{"line":23,"column":0},"end":{"line":23,"column":1}},"23":{"start":{"line":24,"column":0},"end":{"line":24,"column":0}},"24":{"start":{"line":25,"column":0},"end":{"line":25,"column":80}},"25":{"start":{"line":26,"column":0},"end":{"line":26,"column":74}},"26":{"start":{"line":27,"column":0},"end":{"line":27,"column":77}},"27":{"start":{"line":28,"column":0},"end":{"line":28,"column":86}},"28":{"start":{"line":29,"column":0},"end":{"line":29,"column":7}},"29":{"start":{"line":30,"column":0},"end":{"line":30,"column":65}},"30":{"start":{"line":31,"column":0},"end":{"line":31,"column":17}},"31":{"start":{"line":32,"column":0},"end":{"line":32,"column":58}},"32":{"start":{"line":33,"column":0},"end":{"line":33,"column":22}},"33":{"start":{"line":34,"column":0},"end":{"line":34,"column":3}},"34":{"start":{"line":35,"column":0},"end":{"line":35,"column":1}},"35":{"start":{"line":36,"column":0},"end":{"line":36,"column":0}},"36":{"start":{"line":37,"column":0},"end":{"line":37,"column":47}},"37":{"start":{"line":38,"column":0},"end":{"line":38,"column":59}},"38":{"start":{"line":39,"column":0},"end":{"line":39,"column":28}},"39":{"start":{"line":40,"column":0},"end":{"line":40,"column":65}},"40":{"start":{"line":41,"column":0},"end":{"line":41,"column":73}},"41":{"start":{"line":42,"column":0},"end":{"line":42,"column":4}},"42":{"start":{"line":43,"column":0},"end":{"line":43,"column":1}}},"s":{"0":1,"1":1,"2":1,"3":1,"4":1,"5":1,"6":1,"7":1,"8":1,"9":1,"10":1,"11":1,"12":1,"13":1,"14":1,"15":1,"16":1,"17":1,"18":1,"19":1,"20":1,"21":1,"22":1,"23":1,"24":1,"25":1,"26":1,"27":3,"28":3,"29":3,"30":3,"31":1,"32":1,"33":1,"34":3,"35":1,"36":1,"37":6,"38":6,"39":6,"40":6,"41":6,"42":6},"branchMap":{"0":{"type":"branch","line":13,"loc":{"start":{"line":13,"column":38},"end":{"line":13,"column":48}},"locations":[{"start":{"line":13,"column":38},"end":{"line":13,"column":48}}]},"1":{"type":"branch","line":28,"loc":{"start":{"line":28,"column":0},"end":{"line":35,"column":1}},"locations":[{"start":{"
[...]
:0},"end":{"line":255,"column":22}},"255":{"start":{"line":256,"column":0},"end":{"line":256,"column":71}},"256":{"start":{"line":257,"column":0},"end":{"line":257,"column":79}},"257":{"start":{"line":258,"column":0},"end":{"line":258,"column":48}},"258":{"start":{"line":259,"column":0},"end":{"line":259,"column":50}},"259":{"start":{"line":260,"column":0},"end":{"line":260,"column":24}},"260":{"start":{"line":261,"column":0},"end":{"line":261,"column":34}},"261":{"start":{"line":262,"column":0},"end":{"line":262,"column":87}},"262":{"start":{"line":263,"column":0},"end":{"line":263,"column":12}},"263":{"start":{"line":264,"column":0},"end":{"line":264,"column":24}},"264":{"start":{"line":265,"column":0},"end":{"line":265,"column":17}},"265":{"start":{"line":266,"column":0},"end":{"line":266,"column":0}},"266":{"start":{"line":267,"column":0},"end":{"line":267,"column":22}},"267":{"start":{"line":268,"column":0},"end":{"line":268,"column":71}},"268":{"start":{"line":269,"column":0},"end":{"line":269,"column":79}},"269":{"start":{"line":270,"column":0},"end":{"line":270,"column":48}},"270":{"start":{"line":271,"column":0},"end":{"line":271,"column":36}},"271":{"start":{"line":272,"column":0},"end":{"line":272,"column":17}},"272":{"start":{"line":273,"column":0},"end":{"line":273,"column":0}},"273":{"start":{"line":274,"column":0},"end":{"line":274,"column":16}},"274":{"start":{"line":275,"column":0},"end":{"line":275,"column":73}},"275":{"start":{"line":276,"column":0},"end":{"line":276,"column":51}},"276":{"start":{"line":277,"column":0},"end":{"line":277,"column":25}},"277":{"start":{"line":278,"column":0},"end":{"line":278,"column":85}},"278":{"start":{"line":279,"column":0},"end":{"line":279,"column":7}},"279":{"start":{"line":280,"column":0},"end":{"line":280,"column":12}},"280":{"start":{"line":281,"column":0},"end":{"line":281,"column":96}},"281":{"start":{"line":282,"column":0},"end":{"line":282,"column":69}},"282":{"start":{"line":283,"column":0},"end":{"line":283,"column":44}},"283":{"start":{"line":284,"column":0},"end":{"line":284,"column":13}},"284":{"start":{"line":285,"column":0},"end":{"line":285,"column":5}},"285":{"start":{"line":286,"column":0},"end":{"line":286,"column":15}},"286":{"start":{"line":287,"column":0},"end":{"line":287,"column":27}},"287":{"start":{"line":288,"column":0},"end":{"line":288,"column":66}},"288":{"start":{"line":289,"column":0},"end":{"line":289,"column":3}},"289":{"start":{"line":290,"column":0},"end":{"line":290,"column":3}},"290":{"start":{"line":291,"column":0},"end":{"line":291,"column":0}},"291":{"start":{"line":292,"column":0},"end":{"line":292,"column":54}},"292":{"start":{"line":293,"column":0},"end":{"line":293,"column":76}},"293":{"start":{"line":294,"column":0},"end":{"line":294,"column":0}},"294":{"start":{"line":295,"column":0},"end":{"line":295,"column":58}},"295":{"start":{"line":296,"column":0},"end":{"line":296,"column":52}},"296":{"start":{"line":297,"column":0},"end":{"line":297,"column":30}},"297":{"start":{"line":298,"column":0},"end":{"line":298,"column":40}},"298":{"start":{"line":299,"column":0},"end":{"line":299,"column":91}},"299":{"start":{"line":300,"column":0},"end":{"line":300,"column":1}},"300":{"start":{"line":301,"column":0},"end":{"line":301,"column":0}},"301":{"start":{"line":302,"column":0},"end":{"line":302,"column":19}}},"s":{"0":1,"1":1,"2":1,"3":1,"4":1,"5":1,"6":1,"7":1,"8":1,"9":1,"10":1,"11":1,"12":1,"13":1,"14":1,"15":1,"16":1,"17":1,"18":1,"19":1,"20":1,"21":1,"22":1,"23":1,"24":1,"25":1,"26":1,"27":1,"28":1,"29":1,"30":1,"31":1,"32":1,"33":1,"34":1,"35":1,"36":1,"37":1,"38":1,"39":1,"40":1,"41":1,"42":1,"43":1,"44":1,"45":1,"46":1,"47":1,"48":1,"49":1,"50":1,"51":1,"52":1,"53":1,"54":1,"55":1,"56":1,"57":1,"58":1,"59":1,"60":1,"61":1,"62":1,"63":1,"64":1,"65":1,"66":1,"67":1,"68":1,"69":1,"70":1,"71":1,"72":1,"73":20,"74":20,"75":20,"76":20,"77":20,"78":20,"79":20,"80":20,"81":20,"82":20,"83":20,"84":20,"85":20,"86":20,"87":20,"88":20,"89":20,"90":20,"91":20,"92":20,"93":20,"94":20,"95":20,"96":20,"97":1,"98":1,"99":1,"100":1,"101":1,"102":1,"103":1,"104":1,"105":1,"106":0,"107":0,"108":0,"109":0,"110":0,"111":0,"112":0,"113":0,"114":0,"115":1,"116":1,"117":1,"118":1,"119":19,"120":19,"121":19,"122":19,"123":19,"124":0,"125":0,"126":19,"127":19,"128":19,"129":19,"130":19,"131":19,"132":19,"133":19,"134":19,"135":19,"136":1,"137":1,"138":1,"139":1,"140":1,"141":1,"142":1,"143":1,"144":1,"145":1,"146":1,"147":20,"148":20,"149":240,"150":20,"151":20,"152":20,"153":20,"154":20,"155":20,"156":5,"157":5,"158":5,"159":1,"160":1,"161":5,"162":1,"163":1,"164":5,"165":1,"166":1,"167":5,"168":0,"169":0,"170":5,"171":1,"172":1,"173":5,"174":5,"175":5,"176":20,"177":15,"178":15,"179":20,"180":20,"181":20,"182":20,"183":20,"184":20,"185":20,"186":20,"187":20,"188":20,"189":20,"190":20,"191":20,"192":20,"193":20,"194":20,"195":20,"196":20,"197":20,"198":20,"199":20,"200":20,"201":20,"202":20,"203":20,"204":20,"205":20,"206":20,"207":20,"208":20,"209":20,"210":20,"211":20,"212":20,"213":20,"214":19,"215":19,"216":19,"217":19,"218":19,"219":20,"220":3,"221":3,"222":19,"223":20,"224":16,"225":16,"226":2,"227":2,"228":2,"229":2,"230":16,"231":16,"232":2,"233":2,"234":2,"235":2,"236":2,"237":2,"238":2,"239":2,"240":2,"241":2,"242":16,"243":16,"244":6,"245":6,"246":6,"247":6,"248":16,"249":16,"250":3,"251":3,"252":3,"253":16,"254":16,"255":0,"256":0,"257":0,"258":0,"259":0,"260":0,"261":0,"262":0,"263":0,"264":0,"265":16,"266":16,"267":2,"268":2,"269":2,"270":2,"271":2,"272":16,"273":16,"274":1,"275":1,"276":1,"277":1,"278":16,"279":20,"280":3,"281":3,"282":3,"283":3,"284":3,"285":20,"286":1,"287":1,"288":1,"289":1,"290":1,"291":1,"292":1,"293":1,"294":1,"295":1,"296":1,"297":0,"298":0,"299":0,"300":1,"301":1},"branchMap":{"0":{"type":"branch","line":103,"loc":{"start":{"line":103,"column":32},"end":{"line":103,"column":44}},"locations":[{"start":{"line":103,"column":32},"end":{"line":103,"column":44}}]},"1":{"type":"branch","line":297,"loc":{"start":{"line":297,"column":29},"end":{"line":300,"column":1}},"locations":[{"start":{"line":297,"column":29},"end":{"line":300,"column":1}}]},"2":{"type":"branch","line":74,"loc":{"start":{"line":74,"column":0},"end":{"line":97,"column":1}},"locations":[{"start":{"line":74,"column":0},"end":{"line":97,"column":1}}]},"3":{"type":"branch","line":120,"loc":{"start":{"line":120,"column":0},"end":{"line":136,"column":1}},"locations":[{"start":{"line":120,"column":0},"end":{"line":136,"column":1}}]},"4":{"type":"branch","line":121,"loc":{"start":{"line":121,"column":36},"end":{"line":121,"column":88}},"locations":[{"start":{"line":121,"column":36},"end":{"line":121,"column":88}}]},"5":{"type":"branch","line":124,"loc":{"start":{"line":124,"column":39},"end":{"line":126,"column":3}},"locations":[{"start":{"line":124,"column":39},"end":{"line":126,"column":3}}]},"6":{"type":"branch","line":131,"loc":{"start":{"line":131,"column":7},"end":{"line":131,"column":35}},"locations":[{"start":{"line":131,"column":7},"end":{"line":131,"column":35}}]},"7":{"type":"branch","line":131,"loc":{"start":{"line":131,"column":12},"end":{"line":131,"column":18}},"locations":[{"start":{"line":131,"column":12},"end":{"line":131,"column":18}}]},"8":{"type":"branch","line":133,"loc":{"start":{"line":133,"column":7},"end":{"line":133,"column":78}},"locations":[{"start":{"line":133,"column":7},"end":{"line":133,"column":78}}]},"9":{"type":"branch","line":133,"loc":{"start":{"line":133,"column":13},"end":{"line":133,"column":19}},"locations":[{"start":{"line":133,"column":13},"end":{"line":133,"column":19}}]},"10":{"type":"branch","line":133,"loc":{"start":{"line":133,"column":31},"end":{"line":133,"column":77}},"locations":[{"start":{"line":133,"column":31},"end":{"line":133,"column":77}}]},"11":{"type":"branch","line":135,"loc":{"start":{"line":135,"column":7},"end":{"line":135,"column":67}},"locations":[{"start":{"line":135,"column":7},"end":{"line":135,"column":67}}]},"12":{"type":"branch","line":135,"loc":{"start":{"line":135,"column":12},"end":{"line":135,"column":20}},"locations":[{"start":{"line":135,"column":12},"end":{"line":135,"column":20}}]},"13":{"type":"branch","line":135,"loc":{"start":{"line":135,"column":26},"end":{"line":135,"column":66}},"locations":[{"start":{"line":135,"column":26},"end":{"line":135,"column":66}}]},"14":{"type":"branch","line":147,"loc":{"start":{"line":147,"column":49},"end":{"line":290,"column":2}},"locations":[{"start":{"line":147,"column":49},"end":{"line":290,"column":2}}]},"15":{"type":"branch","line":156,"loc":{"start":{"line":156,"column":22},"end":{"line":177,"column":3}},"locations":[{"start":{"line":156,"column":22},"end":{"line":177,"column":3}}]},"16":{"type":"branch","line":159,"loc":{"start":{"line":159,"column":6},"end":{"line":161,"column":14}},"locations":[{"start":{"line":159,"column":6},"end":{"line":161,"column":14}}]},"17":{"type":"branch","line":162,"loc":{"start":{"line":162,"column":6},"end":{"line":164,"column":14}},"locations":[{"start":{"line":162,"column":6},"end":{"line":164,"column":14}}]},"18":{"type":"branch","line":165,"loc":{"start":{"line":165,"column":6},"end":{"line":167,"column":14}},"locations":[{"start":{"line":165,"column":6},"end":{"line":167,"column":14}}]},"19":{"type":"branch","line":168,"loc":{"start":{"line":168,"column":6},"end":{"line":170,"column":14}},"locations":[{"start":{"line":168,"column":6},"end":{"line":170,"column":14}}]},"20":{"type":"branch","line":171,"loc":{"start":{"line":171,"column":6},"end":{"line":173,"column":14}},"locations":[{"start":{"line":171,"column":6},"end":{"line":173,"column":14}}]},"21":{"type":"branch","line":174,"loc":{"start":{"line":174,"column":6},"end":{"line":175,"column":27}},"locations":[{"start":{"line":174,"column":6},"end":{"line":175,"column":27}}]},"22":{"type":"branch","line":177,"loc":{"start":{"line":177,"column":3},"end":{"line":179,"column":3}},"locations":[{"start":{"line":177,"column":3},"end":{"line":179,"column":3}}]},"23":{"type":"branch","line":178,"loc":{"start":{"line":178,"column":34},"end":{"line":178,"column":47}},"locations":[{"start":{"line":178,"column":34},"end":{"line":178,"column":47}}]},"24":{"type":"branch","line":194,"loc":{"start":{"line":194,"column":16},"end":{"line":194,"column":21}},"locations":[{"start":{"line":194,"column":16},"end":{"line":194,"column":21}}]},"25":{"type":"branch","line":195,"loc":{"start":{"line":195,"column":19},"end":{"line":195,"column":23}},"locations":[{"start":{"line":195,"column":19},"end":{"line":195,"column":23}}]},"26":{"type":"branch","line":207,"loc":{"start":{"line":207,"column":24},"end":{"line":207,"column":32}},"locations":[{"start":{"line":207,"column":24},"end":{"line":207,"column":32}}]},"27":{"type":"branch","line":207,"loc":{"start":{"line":207,"column":32},"end":{"line":207,"column":38}},"locations":[{"start":{"line":207,"column":32},"end":{"line":207,"column":38}}]},"28":{"type":"branch","line":215,"loc":{"start":{"line":215,"column":-1},"end":{"line":220,"column":24}},"locations":[{"start":{"line":215,"column":-1},"end":{"line":220,"column":24}}]},"29":{"type":"branch","line":220,"loc":{"start":{"line":220,"column":24},"end":{"line":222,"column":5}},"locations":[{"start":{"line":220,"column":24},"end":{"line":222,"column":5}}]},"30":{"type":"branch","line":223,"loc":{"start":{"line":223,"column":-1},"end":{"line":224,"column":29}},"locations":[{"start":{"line":223,"column":-1},"end":{"line":224,"column":29}}]},"31":{"type":"branch","line":224,"loc":{"start":{"line":224,"column":31},"end":{"line":280,"column":5}},"locations":[{"start":{"line":224,"column":31},"end":{"line":280,"column":5}}]},"32":{"type":"branch","line":226,"loc":{"start":{"line":226,"column":8},"end":{"line":230,"column":17}},"locations":[{"start":{"line":226,"column":8},"end":{"line":230,"column":17}}]},"33":{"type":"branch","line":232,"loc":{"start":{"line":232,"column":8},"end":{"line":242,"column":17}},"locations":[{"start":{"line":232,"column":8},"end":{"line":242,"column":17}}]},"34":{"type":"branch","line":239,"loc":{"start":{"line":239,"column":48},"end":{"line":239,"column":62}},"locations":[{"start":{"line":239,"column":48},"end":{"line":239,"column":62}}]},"35":{"type":"branch","line":244,"loc":{"start":{"line":244,"column":8},"end":{"line":248,"column":17}},"locations":[{"start":{"line":244,"column":8},"end":{"line":248,"column":17}}]},"36":{"type":"branch","line":250,"loc":{"start":{"line":250,"column":8},"end":{"line":253,"column":17}},"locations":[{"start":{"line":250,"column":8},"end":{"line":253,"column":17}}]},"37":{"type":"branch","line":255,"loc":{"start":{"line":255,"column":8},"end":{"line":265,"column":17}},"locations":[{"start":{"line":255,"column":8},"end":{"line":265,"column":17}}]},"38":{"type":"branch","line":267,"loc":{"start":{"line":267,"column":8},"end":{"line":272,"column":17}},"locations":[{"start":{"line":267,"column":8},"end":{"line":272,"column":17}}]},"39":{"type":"branch","line":274,"loc":{"start":{"line":274,"column":8},"end":{"line":278,"column":85}},"locations":[{"start":{"line":274,"column":8},"end":{"line":278,"column":85}}]},"40":{"type":"branch","line":280,"loc":{"start":{"line":280,"column":-1},"end":{"line":280,"column":5}},"locations":[{"start":{"line":280,"column":-1},"end":{"line":280,"column":5}}]},"41":{"type":"branch","line":280,"loc":{"start":{"line":280,"column":5},"end":{"line":285,"column":5}},"locations":[{"start":{"line":280,"column":5},"end":{"line":285,"column":5}}]},"42":{"type":"branch","line":286,"loc":{"start":{"line":286,"column":4},"end":{"line":289,"column":3}},"locations":[{"start":{"line":286,"column":4},"end":{"line":289,"column":3}}]},"43":{"type":"branch","line":149,"loc":{"start":{"line":149,"column":47},"end":{"line":151,"column":3}},"locations":[{"start":{"line":149,"column":47},"end":{"line":151,"column":3}}]},"44":{"type":"branch","line":293,"loc":{"start":{"line":293,"column":29},"end":{"line":293,"column":74}},"locations":[{"start":{"line":293,"column":29},"end":{"line":293,"column":74}}]}},"b":{"0":[0],"1":[0],"2":[20],"3":[19],"4":[2],"5":[0],"6":[6],"7":[5],"8":[5],"9":[4],"10":[1],"11":[4],"12":[3],"13":[2],"14":[20],"15":[5],"16":[1],"17":[1],"18":[1],"19":[0],"20":[1],"21":[1],"22":[15],"23":[1],"24":[5],"25":[5],"26":[5],"27":[15],"28":[19],"29":[3],"30":[19],"31":[16],"32":[2],"33":[2],"34":[0],"35":[6],"36":[3],"37":[0],"38":[2],"39":[1],"40":[1],"41":[3],"42":[1],"43":[240],"44":[1]},"fnMap":{"0":{"name":"prepareOptions","decl":{"start":{"line":74,"column":0},"end":{"line":97,"column":1}},"loc":{"start":{"line":74,"column":0},"end":{"line":97,"column":1}},"line":74},"1":{"name":"fromCookie","decl":{"start":{"line":106,"column":12},"end":{"line":116,"column":3}},"loc":{"start":{"line":106,"column":12},"end":{"line":116,"column":3}},"line":106},"2":{"name":"hasPermissionToDownloadNarrative","decl":{"start":{"line":120,"column":0},"end":{"line":136,"column":1}},"loc":{"start":{"line":120,"column":0},"end":{"line":136,"column":1}},"line":120}},"f":{"0":20,"1":0,"2":19}}
,"/Users/briley/Documents/dmptool-narrative-generator/src/txt.ts": {"path":"/Users/briley/Documents/dmptool-narrative-generator/src/txt.ts","all":false,"statementMap":{"0":{"start":{"line":1,"column":0},"end":{"line":1,"column":37}},"1":{"start":{"line":2,"column":0},"end":{"line":2,"column":0}},"2":{"start":{"line":3,"column":0},"end":{"line":3,"column":64}},"3":{"start":{"line":4,"column":0},"end":{"line":4,"column":21}},"4":{"start":{"line":5,"column":0},"end":{"line":5,"column":25}},"5":{"start":{"line":6,"column":0},"end":{"line":6,"column":0}},"6":{"start":{"line":7,"column":0},"end":{"line":7,"column":29}},"7":{"start":{"line":8,"column":0},"end":{"line":8,"column":29}},"8":{"start":{"line":9,"column":0},"end":{"line":9,"column":29}},"9":{"start":{"line":10,"column":0},"end":{"line":10,"column":26}},"10":{"start":{"line":11,"column":0},"end":{"line":11,"column":7}},"11":{"start":{"line":12,"column":0},"end":{"line":12,"column":6}},"12":{"start":{"line":13,"column":0},"end":{"line":13,"column":26}},"13":{"start":{"line":14,"column":0},"end":{"line":14,"column":24}},"14":{"start":{"line":15,"column":0},"end":{"line":15,"column":30}},"15":{"start":{"line":16,"column":0},"end":{"line":16,"column":47}},"16":{"start":{"line":17,"column":0},"end":{"line":17,"column":7}},"17":{"start":{"line":18,"column":0},"end":{"line":18,"column":6}},"18":{"start":{"line":19,"column":0},"end":{"line":19,"column":30}},"19":{"start":{"line":20,"column":0},"end":{"line":20,"column":29}},"20":{"start":{"line":21,"column":0},"end":{"line":21,"column":27}},"21":{"start":{"line":22,"column":0},"end":{"line":22,"column":14}},"22":{"start":{"line":23,"column":0},"end":{"line":23,"column":51}},"23":{"start":{"line":24,"column":0},"end":{"line":24,"column":26}},"24":{"start":{"line":25,"column":0},"end":{"line":25,"column":7}},"25":{"start":{"line":26,"column":0},"end":{"line":26,"column":6}},"26":{"start":{"line":27,"column":0},"end":{"line":27,"column":96}},"27":{"start":{"line":28,"column":0},"end":{"line":28,"column":0}},"28":{"start":{"line":29,"column":0},"end":{"line":29,"column":21}},"29":{"start":{"line":30,"column":0},"end":{"line":30,"column":15}},"30":{"start":{"line":31,"column":0},"end":{"line":31,"column":0}},"31":{"start":{"line":32,"column":0},"end":{"line":32,"column":72}},"32":{"start":{"line":33,"column":0},"end":{"line":33,"column":32}},"33":{"start":{"line":34,"column":0},"end":{"line":34,"column":1}}},"s":{"0":1,"1":1,"2":1,"3":8,"4":8,"5":8,"6":8,"7":8,"8":11,"9":1,"10":1,"11":8,"12":8,"13":13,"14":12,"15":12,"16":12,"17":8,"18":8,"19":11,"20":1,"21":11,"22":10,"23":10,"24":10,"25":8,"26":8,"27":8,"28":8,"29":8,"30":8,"31":8,"32":8,"33":8},"branchMap":{"0":{"type":"branch","line":3,"loc":{"start":{"line":3,"column":7},"end":{"line":34,"column":1}},"locations":[{"start":{"line":3,"column":7},"end":{"line":34,"column":1}}]},"1":{"type":"branch","line":8,"loc":{"start":{"line":8,"column":4},"end":{"line":12,"column":5}},"locations":[{"start":{"line":8,"column":4},"end":{"line":12,"column":5}}]},"2":{"type":"branch","line":9,"loc":{"start":{"line":9,"column":28},"end":{"line":11,"column":7}},"locations":[{"start":{"line":9,"column":28},"end":{"line":11,"column":7}}]},"3":{"type":"branch","line":13,"loc":{"start":{"line":13,"column":4},"end":{"line":18,"column":5}},"locations":[{"start":{"line":13,"column":4},"end":{"line":18,"column":5}}]},"4":{"type":"branch","line":14,"loc":{"start":{"line":14,"column":23},"end":{"line":17,"column":7}},"locations":[{"start":{"line":14,"column":23},"end":{"line":17,"column":7}}]},"5":{"type":"branch","line":19,"loc":{"start":{"line":19,"column":4},"end":{"line":26,"column":5}},"locations":[{"start":{"line":19,"column":4},"end":{"line":26,"column":5}}]},"6":{"type":"branch","line":20,"loc":{"start":{"line":20,"column":28},"end":{"line":22,"column":7}},"locations":[{"start":{"line":20,"column":28},"end":{"line":22,"column":7}}]},"7":{"type":"branch","line":22,"loc":{"start":{"line":22,"column":7},"end":{"line":25,"column":7}},"locations":[{"start":{"line":22,"column":7},"end":{"line":25,"column":7}}]}},"b":{"0":[8],"1":[11],"2":[1],"3":[13],"4":[12],"5":[11],"6":[1],"7":[10]},"fnMap":{"0":{"name":"renderTXT","decl":{"start":{"line":3,"column":7},"end":{"line":34,"column":1}},"loc":{"start":{"line":3,"column":7},"end":{"line":34,"column":1}},"line":3},"1":{"name":"onopentag","decl":{"start":{"line":8,"column":4},"end":{"line":12,"column":5}},"loc":{"start":{"line":8,"column":4},"end":{"line":12,"column":5}},"line":8},"2":{"name":"ontext","decl":{"start":{"line":13,"column":4},"end":{"line":18,"column":5}},"loc":{"start":{"line":13,"column":4},"end":{"line":18,"column":5}},"line":13},"3":{"name":"onclosetag","decl":{"start":{"line":19,"column":4},"end":{"line":26,"column":5}},"loc":{"start":{"line":19,"column":4},"end":{"line":26,"column":5}},"line":19}},"f":{"0":8,"1":11,"2":13,"3":11}}
}
