TN:
SF:src/csv.ts
FN:12,answerToCSV
FN:53,renderCSV
FNF:2
FNH:2
FNDA:12,answerToCSV
FNDA:14,renderCSV
DA:1,1
DA:2,1
DA:3,1
DA:4,1
DA:5,1
DA:6,1
DA:7,1
DA:8,1
DA:9,1
DA:10,1
DA:11,1
DA:12,12
DA:13,12
DA:14,12
DA:15,12
DA:16,12
DA:17,1
DA:18,1
DA:19,1
DA:20,12
DA:21,12
DA:22,1
DA:23,1
DA:24,1
DA:25,12
DA:26,12
DA:27,1
DA:28,1
DA:29,1
DA:30,12
DA:31,12
DA:32,12
DA:33,2
DA:34,2
DA:35,2
DA:36,2
DA:37,12
DA:38,12
DA:39,2
DA:40,2
DA:41,2
DA:42,12
DA:43,12
DA:44,12
DA:45,12
DA:46,12
DA:47,5
DA:48,5
DA:49,12
DA:50,12
DA:51,12
DA:52,1
DA:53,14
DA:54,14
DA:55,14
DA:56,14
DA:57,14
DA:58,14
DA:59,13
DA:60,13
DA:61,2
DA:62,2
DA:63,13
DA:64,2
DA:65,2
DA:66,13
DA:67,13
DA:68,13
DA:69,13
DA:70,12
DA:71,12
DA:72,12
DA:73,12
DA:74,12
DA:75,1
DA:76,1
DA:77,12
DA:78,1
DA:79,1
DA:80,12
DA:81,12
DA:82,12
DA:83,13
DA:84,13
DA:85,14
DA:86,14
LF:86
LH:86
BRDA:12,0,0,12
BRDA:16,1,0,1
BRDA:21,2,0,1
BRDA:26,3,0,1
BRDA:31,4,0,1
BRDA:32,5,0,2
BRDA:38,6,0,2
BRDA:40,7,0,1
BRDA:40,8,0,1
BRDA:46,9,0,5
BRDA:50,10,0,1
BRDA:53,11,0,14
BRDA:58,12,0,13
BRDA:58,13,0,13
BRDA:60,14,0,2
BRDA:63,15,0,2
BRDA:69,16,0,12
BRDA:70,17,0,12
BRDA:74,18,0,1
BRDA:77,19,0,1
BRDA:80,20,0,0
BRF:21
BRH:20
end_of_record
TN:
SF:src/helper.ts
FN:1,safeNumber
FN:9,safeBoolean
FN:19,pointsToFontSize
FN:40,formatDate
FNF:4
FNH:4
FNDA:127,safeNumber
FNDA:140,safeBoolean
FNDA:29,pointsToFontSize
FNDA:15,formatDate
DA:1,127
DA:2,127
DA:3,2
DA:4,2
DA:5,125
DA:6,127
DA:7,127
DA:8,1
DA:9,140
DA:10,140
DA:11,8
DA:12,140
DA:13,9
DA:14,132
DA:15,123
DA:16,123
DA:17,140
DA:18,1
DA:19,29
DA:20,29
DA:21,29
DA:22,1
DA:23,29
DA:24,1
DA:25,29
DA:26,1
DA:27,29
DA:28,1
DA:29,29
DA:30,1
DA:31,29
DA:32,2
DA:33,29
DA:34,29
DA:35,22
DA:36,29
DA:37,29
DA:38,1
DA:39,1
DA:40,15
DA:41,15
DA:42,15
DA:43,15
DA:44,15
DA:45,15
DA:46,12
DA:47,12
DA:48,12
DA:49,12
DA:50,12
DA:51,15
DA:52,3
DA:53,3
DA:54,3
DA:55,3
DA:56,3
DA:57,15
DA:58,15
DA:59,0
DA:60,0
DA:61,15
LF:61
LH:59
BRDA:1,0,0,127
BRDA:2,1,0,7
BRDA:2,2,0,2
BRDA:5,3,0,125
BRDA:6,4,0,120
BRDA:6,5,0,5
BRDA:9,6,0,140
BRDA:10,7,0,19
BRDA:10,8,0,8
BRDA:12,9,0,132
BRDA:12,10,0,11
BRDA:12,11,0,9
BRDA:14,12,0,123
BRDA:19,13,0,29
BRDA:21,14,0,1
BRDA:23,15,0,1
BRDA:25,16,0,1
BRDA:27,17,0,1
BRDA:29,18,0,1
BRDA:31,19,0,2
BRDA:34,20,0,22
BRDA:40,21,0,15
BRDA:45,22,0,12
BRDA:51,23,0,3
BRDA:57,24,0,1
BRDA:57,25,0,14
BRDA:58,26,0,0
BRF:27
BRH:26
end_of_record
TN:
SF:src/html.ts
FN:20,safeYesNoUnknown
FN:32,answerToHTML
FN:140,workTypeForDisplay
FN:147,relatedWorksForType
FN:297,renderHTML
FNF:5
FNH:5
FNDA:2,safeYesNoUnknown
FNDA:1,answerToHTML
FNDA:3,workTypeForDisplay
FNDA:2,relatedWorksForType
FNDA:5,renderHTML
DA:1,1
DA:2,1
DA:3,1
DA:4,1
DA:5,1
DA:6,1
DA:7,1
DA:8,1
DA:9,1
DA:10,1
DA:11,1
DA:12,1
DA:13,1
DA:14,1
DA:15,1
DA:16,1
DA:17,1
DA:18,1
DA:19,1
DA:20,2
DA:21,2
DA:22,2
DA:23,1
DA:24,2
DA:25,1
DA:26,2
DA:27,0
DA:28,2
DA:29,2
DA:30,1
DA:31,1
DA:32,1
DA:33,1
DA:34,1
DA:35,1
DA:36,1
DA:37,0
DA:38,0
DA:39,1
DA:40,1
DA:41,1
DA:42,1
DA:43,0
DA:44,0
DA:45,1
DA:46,1
DA:47,1
DA:48,1
DA:49,1
DA:50,1
DA:51,1
DA:52,1
DA:53,1
DA:54,0
DA:55,0
DA:56,0
DA:57,0
DA:58,0
DA:59,1
DA:60,1
DA:61,0
DA:62,0
DA:63,0
DA:64,1
DA:65,1
DA:66,0
DA:67,0
DA:68,0
DA:69,1
DA:70,1
DA:71,0
DA:72,0
DA:73,0
DA:74,0
DA:75,0
DA:76,0
DA:77,0
DA:78,0
DA:79,0
DA:80,0
DA:81,0
DA:82,0
DA:83,0
DA:84,0
DA:85,0
DA:86,0
DA:87,0
DA:88,0
DA:89,0
DA:90,0
DA:91,0
DA:92,0
DA:93,0
DA:94,0
DA:95,1
DA:96,1
DA:97,0
DA:98,0
DA:99,0
DA:100,1
DA:101,1
DA:102,0
DA:103,0
DA:104,1
DA:105,1
DA:106,0
DA:107,0
DA:108,1
DA:109,1
DA:110,0
DA:111,0
DA:112,1
DA:113,1
DA:114,0
DA:115,0
DA:116,0
DA:117,0
DA:118,0
DA:119,0
DA:120,0
DA:121,1
DA:122,1
DA:123,0
DA:124,0
DA:125,1
DA:126,1
DA:127,0
DA:128,0
DA:129,1
DA:130,1
DA:131,0
DA:132,0
DA:133,0
DA:134,1
DA:135,1
DA:136,1
DA:137,1
DA:138,1
DA:139,1
DA:140,3
DA:141,3
DA:142,3
DA:143,3
DA:144,3
DA:145,3
DA:146,1
DA:147,2
DA:148,2
DA:149,2
DA:150,2
DA:151,2
DA:152,2
DA:153,2
DA:154,2
DA:155,1
DA:156,1
DA:157,1
DA:158,1
DA:159,1
DA:160,1
DA:161,5
DA:162,1
DA:163,1
DA:164,1
DA:165,5
DA:166,1
DA:167,1
DA:168,1
DA:169,1
DA:170,10
DA:171,2
DA:172,2
DA:173,2
DA:174,1
DA:175,2
DA:176,2
DA:177,10
DA:178,1
DA:179,1
DA:180,1
DA:181,1
DA:182,1
DA:183,1
DA:184,1
DA:185,1
DA:186,1
DA:187,1
DA:188,1
DA:189,2
DA:190,2
DA:191,2
DA:192,2
DA:193,2
DA:194,2
DA:195,1
DA:196,1
DA:197,1
DA:198,1
DA:199,1
DA:200,1
DA:201,1
DA:202,1
DA:203,1
DA:204,1
DA:205,1
DA:206,1
DA:207,1
DA:208,1
DA:209,1
DA:210,1
DA:211,1
DA:212,1
DA:213,1
DA:214,1
DA:215,1
DA:216,1
DA:217,1
DA:218,1
DA:219,1
DA:220,1
DA:221,1
DA:222,1
DA:223,1
DA:224,1
DA:225,1
DA:226,0
DA:227,0
DA:228,0
DA:229,0
DA:230,0
DA:231,0
DA:232,0
DA:233,0
DA:234,0
DA:235,0
DA:236,0
DA:237,0
DA:238,0
DA:239,0
DA:240,0
DA:241,0
DA:242,0
DA:243,0
DA:244,0
DA:245,0
DA:246,0
DA:247,1
DA:248,1
DA:249,1
DA:250,1
DA:251,1
DA:252,1
DA:253,1
DA:254,1
DA:255,1
DA:256,1
DA:257,1
DA:258,1
DA:259,1
DA:260,1
DA:261,1
DA:262,1
DA:263,1
DA:264,1
DA:265,1
DA:266,1
DA:267,1
DA:268,1
DA:269,1
DA:270,1
DA:271,1
DA:272,1
DA:273,1
DA:274,5
DA:275,5
DA:276,5
DA:277,1
DA:278,5
DA:279,1
DA:280,1
DA:281,1
DA:282,5
DA:283,5
DA:284,1
DA:285,1
DA:286,1
DA:287,5
DA:288,5
DA:289,1
DA:290,1
DA:291,1
DA:292,1
DA:293,1
DA:294,1
DA:295,1
DA:296,1
DA:297,5
DA:298,5
DA:299,5
DA:300,5
DA:301,5
DA:302,5
DA:303,5
DA:304,5
DA:305,5
DA:306,5
DA:307,5
DA:308,5
DA:309,5
DA:310,5
DA:311,5
DA:312,5
DA:313,5
DA:314,5
DA:315,5
DA:316,5
DA:317,5
DA:318,5
DA:319,5
DA:320,5
DA:321,5
DA:322,5
DA:323,5
DA:324,5
DA:325,5
DA:326,5
DA:327,5
DA:328,5
DA:329,5
DA:330,5
DA:331,5
DA:332,5
DA:333,5
DA:334,5
DA:335,5
DA:336,5
DA:337,5
DA:338,5
DA:339,5
DA:340,5
DA:341,5
DA:342,5
DA:343,5
DA:344,5
DA:345,5
DA:346,5
DA:347,5
DA:348,5
DA:349,5
DA:350,5
DA:351,5
DA:352,5
DA:353,5
DA:354,5
DA:355,5
DA:356,5
DA:357,5
DA:358,5
DA:359,5
DA:360,5
DA:361,5
DA:362,5
DA:363,5
DA:364,5
DA:365,5
DA:366,5
DA:367,5
DA:368,5
DA:369,5
DA:370,5
DA:371,5
DA:372,5
DA:373,5
DA:374,5
DA:375,5
DA:376,5
DA:377,5
DA:378,5
DA:379,5
DA:380,5
DA:381,5
DA:382,5
DA:383,5
DA:384,5
DA:385,5
DA:386,5
DA:387,5
DA:388,5
DA:389,5
DA:390,5
DA:391,5
DA:392,5
DA:393,5
DA:394,5
DA:395,5
DA:396,5
DA:397,5
DA:398,5
DA:399,5
DA:400,5
DA:401,5
DA:402,5
DA:403,5
DA:404,5
DA:405,5
DA:406,5
DA:407,5
DA:408,5
DA:409,5
DA:410,5
DA:411,5
DA:412,5
DA:413,5
DA:414,5
DA:415,5
DA:416,5
DA:417,5
DA:418,5
DA:419,5
DA:420,5
DA:421,5
DA:422,5
DA:423,5
DA:424,5
DA:425,5
DA:426,5
DA:427,5
DA:428,5
DA:429,5
DA:430,5
DA:431,5
DA:432,5
DA:433,5
DA:434,5
DA:435,5
DA:436,5
DA:437,5
DA:438,5
DA:439,5
DA:440,5
DA:441,5
DA:442,5
DA:443,5
DA:444,5
DA:445,5
DA:446,5
DA:447,5
DA:448,5
DA:449,5
DA:450,5
DA:451,5
DA:452,5
DA:453,5
DA:454,5
DA:455,5
DA:456,5
DA:457,5
DA:458,5
DA:459,5
DA:460,5
DA:461,5
DA:462,5
DA:463,5
DA:464,5
DA:465,5
DA:466,5
DA:467,5
DA:468,5
DA:469,5
DA:470,5
DA:471,5
DA:472,5
DA:473,5
DA:474,5
DA:475,5
DA:476,5
DA:477,5
DA:478,5
DA:479,5
DA:480,5
DA:481,5
DA:482,5
DA:483,5
DA:484,5
DA:485,5
DA:486,5
DA:487,5
DA:488,5
DA:489,5
DA:490,5
DA:491,5
DA:492,5
DA:493,5
DA:494,5
DA:495,5
DA:496,5
DA:497,5
DA:498,5
LF:498
LH:414
BRDA:20,0,0,2
BRDA:22,1,0,1
BRDA:24,2,0,1
BRDA:26,3,0,0
BRDA:32,4,0,1
BRDA:36,5,0,0
BRDA:42,6,0,0
BRDA:46,7,0,0
BRDA:52,8,0,0
BRDA:53,9,0,0
BRDA:60,10,0,0
BRDA:65,11,0,0
BRDA:70,12,0,0
BRDA:96,13,0,0
BRDA:101,14,0,0
BRDA:105,15,0,0
BRDA:109,16,0,0
BRDA:113,17,0,0
BRDA:122,18,0,0
BRDA:126,19,0,0
BRDA:130,20,0,0
BRDA:140,21,0,3
BRDA:143,22,0,2
BRDA:143,23,0,1
BRDA:147,24,0,2
BRDA:153,25,0,0
BRDA:148,26,0,4
BRDA:149,27,0,2
BRDA:150,28,0,1
BRDA:150,29,0,1
BRDA:153,30,0,2
BRDA:160,31,0,5
BRDA:164,32,0,5
BRDA:169,33,0,10
BRDA:170,34,0,8
BRDA:171,35,0,2
BRDA:177,36,0,1
BRDA:177,37,0,1
BRDA:172,38,0,2
BRDA:173,39,0,1
BRDA:174,40,0,0
BRDA:174,41,0,0
BRDA:181,42,0,1
BRDA:182,43,0,0
BRDA:188,44,0,2
BRDA:195,45,0,0
BRDA:184,46,0,2
BRDA:199,47,0,1
BRDA:200,48,0,0
BRDA:268,49,0,0
BRDA:219,50,0,1
BRDA:220,51,0,0
BRDA:222,52,0,0
BRDA:225,53,0,0
BRDA:250,54,0,0
BRDA:251,55,0,0
BRDA:253,56,0,0
BRDA:260,57,0,0
BRDA:261,58,0,0
BRDA:261,59,0,0
BRDA:220,60,0,1
BRDA:269,61,0,1
BRDA:273,62,0,5
BRDA:274,63,0,1
BRDA:275,64,0,1
BRDA:276,65,0,1
BRDA:277,66,0,0
BRDA:281,67,0,5
BRDA:283,68,0,4
BRDA:283,69,0,1
BRDA:282,70,0,1
BRDA:286,71,0,5
BRDA:288,72,0,4
BRDA:288,73,0,1
BRDA:287,74,0,1
BRDA:292,75,0,1
BRDA:297,76,0,5
BRF:77
BRH:43
end_of_record
TN:
SF:src/logger.ts
FN:28,initLogger
FN:38,prepareObjectForLogs
FNF:2
FNH:2
FNDA:3,initLogger
FNDA:6,prepareObjectForLogs
DA:1,1
DA:2,1
DA:3,1
DA:4,1
DA:5,1
DA:6,1
DA:7,1
DA:8,1
DA:9,1
DA:10,1
DA:11,1
DA:12,1
DA:13,1
DA:14,1
DA:15,1
DA:16,1
DA:17,1
DA:18,1
DA:19,1
DA:20,1
DA:21,1
DA:22,1
DA:23,1
DA:24,1
DA:25,1
DA:26,1
DA:27,1
DA:28,3
DA:29,3
DA:30,3
DA:31,3
DA:32,1
DA:33,1
DA:34,1
DA:35,3
DA:36,1
DA:37,1
DA:38,6
DA:39,6
DA:40,6
DA:41,6
DA:42,6
DA:43,6
LF:43
LH:43
BRDA:13,0,0,0
BRDA:28,1,0,3
BRDA:31,2,0,1
BRDA:38,3,0,6
BRDA:41,4,0,18
BRDA:41,5,0,15
BRF:6
BRH:5
end_of_record
TN:
SF:src/pdf.ts
FN:4,renderPDF
FNF:1
FNH:1
FNDA:7,renderPDF
DA:1,1
DA:2,1
DA:3,1
DA:4,1
DA:5,7
DA:6,7
DA:7,7
DA:8,7
DA:9,7
DA:10,7
DA:11,7
DA:12,7
DA:13,7
DA:14,6
DA:15,6
DA:16,6
DA:17,6
DA:18,6
DA:19,5
DA:20,5
DA:21,5
DA:22,5
DA:23,5
DA:24,7
DA:25,2
DA:26,2
DA:27,2
DA:28,2
DA:29,2
DA:30,2
DA:31,7
LF:31
LH:31
BRDA:4,0,0,7
BRDA:14,1,0,6
BRDA:19,2,0,5
BRDA:24,3,0,2
BRF:4
BRH:4
end_of_record
TN:
SF:src/server.ts
FN:74,prepareOptions
FN:106,fromCookie
FN:120,hasPermissionToDownloadNarrative
FNF:3
FNH:2
FNDA:20,prepareOptions
FNDA:0,fromCookie
FNDA:19,hasPermissionToDownloadNarrative
DA:1,1
DA:2,1
DA:3,1
DA:4,1
DA:5,1
DA:6,1
DA:7,1
DA:8,1
DA:9,1
DA:10,1
DA:11,1
DA:12,1
DA:13,1
DA:14,1
DA:15,1
DA:16,1
DA:17,1
DA:18,1
DA:19,1
DA:20,1
DA:21,1
DA:22,1
DA:23,1
DA:24,1
DA:25,1
DA:26,1
DA:27,1
DA:28,1
DA:29,1
DA:30,1
DA:31,1
DA:32,1
DA:33,1
DA:34,1
DA:35,1
DA:36,1
DA:37,1
DA:38,1
DA:39,1
DA:40,1
DA:41,1
DA:42,1
DA:43,1
DA:44,1
DA:45,1
DA:46,1
DA:47,1
DA:48,1
DA:49,1
DA:50,1
DA:51,1
DA:52,1
DA:53,1
DA:54,1
DA:55,1
DA:56,1
DA:57,1
DA:58,1
DA:59,1
DA:60,1
DA:61,1
DA:62,1
DA:63,1
DA:64,1
DA:65,1
DA:66,1
DA:67,1
DA:68,1
DA:69,1
DA:70,1
DA:71,1
DA:72,1
DA:73,1
DA:74,20
DA:75,20
DA:76,20
DA:77,20
DA:78,20
DA:79,20
DA:80,20
DA:81,20
DA:82,20
DA:83,20
DA:84,20
DA:85,20
DA:86,20
DA:87,20
DA:88,20
DA:89,20
DA:90,20
DA:91,20
DA:92,20
DA:93,20
DA:94,20
DA:95,20
DA:96,20
DA:97,20
DA:98,1
DA:99,1
DA:100,1
DA:101,1
DA:102,1
DA:103,1
DA:104,1
DA:105,1
DA:106,1
DA:107,0
DA:108,0
DA:109,0
DA:110,0
DA:111,0
DA:112,0
DA:113,0
DA:114,0
DA:115,0
DA:116,1
DA:117,1
DA:118,1
DA:119,1
DA:120,19
DA:121,19
DA:122,19
DA:123,19
DA:124,19
DA:125,0
DA:126,0
DA:127,19
DA:128,19
DA:129,19
DA:130,19
DA:131,19
DA:132,19
DA:133,19
DA:134,19
DA:135,19
DA:136,19
DA:137,1
DA:138,1
DA:139,1
DA:140,1
DA:141,1
DA:142,1
DA:143,1
DA:144,1
DA:145,1
DA:146,1
DA:147,1
DA:148,20
DA:149,20
DA:150,240
DA:151,20
DA:152,20
DA:153,20
DA:154,20
DA:155,20
DA:156,20
DA:157,5
DA:158,5
DA:159,5
DA:160,1
DA:161,1
DA:162,5
DA:163,1
DA:164,1
DA:165,5
DA:166,1
DA:167,1
DA:168,5
DA:169,0
DA:170,0
DA:171,5
DA:172,1
DA:173,1
DA:174,5
DA:175,5
DA:176,5
DA:177,20
DA:178,15
DA:179,15
DA:180,20
DA:181,20
DA:182,20
DA:183,20
DA:184,20
DA:185,20
DA:186,20
DA:187,20
DA:188,20
DA:189,20
DA:190,20
DA:191,20
DA:192,20
DA:193,20
DA:194,20
DA:195,20
DA:196,20
DA:197,20
DA:198,20
DA:199,20
DA:200,20
DA:201,20
DA:202,20
DA:203,20
DA:204,20
DA:205,20
DA:206,20
DA:207,20
DA:208,20
DA:209,20
DA:210,20
DA:211,20
DA:212,20
DA:213,20
DA:214,20
DA:215,19
DA:216,19
DA:217,19
DA:218,19
DA:219,19
DA:220,20
DA:221,3
DA:222,3
DA:223,19
DA:224,20
DA:225,16
DA:226,16
DA:227,2
DA:228,2
DA:229,2
DA:230,2
DA:231,16
DA:232,16
DA:233,2
DA:234,2
DA:235,2
DA:236,2
DA:237,2
DA:238,2
DA:239,2
DA:240,2
DA:241,2
DA:242,2
DA:243,16
DA:244,16
DA:245,6
DA:246,6
DA:247,6
DA:248,6
DA:249,16
DA:250,16
DA:251,3
DA:252,3
DA:253,3
DA:254,16
DA:255,16
DA:256,0
DA:257,0
DA:258,0
DA:259,0
DA:260,0
DA:261,0
DA:262,0
DA:263,0
DA:264,0
DA:265,0
DA:266,16
DA:267,16
DA:268,2
DA:269,2
DA:270,2
DA:271,2
DA:272,2
DA:273,16
DA:274,16
DA:275,1
DA:276,1
DA:277,1
DA:278,1
DA:279,16
DA:280,20
DA:281,3
DA:282,3
DA:283,3
DA:284,3
DA:285,3
DA:286,20
DA:287,1
DA:288,1
DA:289,1
DA:290,1
DA:291,1
DA:292,1
DA:293,1
DA:294,1
DA:295,1
DA:296,1
DA:297,1
DA:298,0
DA:299,0
DA:300,0
DA:301,1
DA:302,1
LF:302
LH:276
BRDA:103,0,0,0
BRDA:297,1,0,0
BRDA:74,2,0,20
BRDA:120,3,0,19
BRDA:121,4,0,2
BRDA:124,5,0,0
BRDA:131,6,0,6
BRDA:131,7,0,5
BRDA:133,8,0,5
BRDA:133,9,0,4
BRDA:133,10,0,1
BRDA:135,11,0,4
BRDA:135,12,0,3
BRDA:135,13,0,2
BRDA:147,14,0,20
BRDA:156,15,0,5
BRDA:159,16,0,1
BRDA:162,17,0,1
BRDA:165,18,0,1
BRDA:168,19,0,0
BRDA:171,20,0,1
BRDA:174,21,0,1
BRDA:177,22,0,15
BRDA:178,23,0,1
BRDA:194,24,0,5
BRDA:195,25,0,5
BRDA:207,26,0,5
BRDA:207,27,0,15
BRDA:215,28,0,19
BRDA:220,29,0,3
BRDA:223,30,0,19
BRDA:224,31,0,16
BRDA:226,32,0,2
BRDA:232,33,0,2
BRDA:239,34,0,0
BRDA:244,35,0,6
BRDA:250,36,0,3
BRDA:255,37,0,0
BRDA:267,38,0,2
BRDA:274,39,0,1
BRDA:280,40,0,1
BRDA:280,41,0,3
BRDA:286,42,0,1
BRDA:149,43,0,240
BRDA:293,44,0,1
BRF:45
BRH:39
end_of_record
TN:
SF:src/txt.ts
FN:3,renderTXT
FN:8,onopentag
FN:13,ontext
FN:19,onclosetag
FNF:4
FNH:4
FNDA:8,renderTXT
FNDA:11,onopentag
FNDA:13,ontext
FNDA:11,onclosetag
DA:1,1
DA:2,1
DA:3,1
DA:4,8
DA:5,8
DA:6,8
DA:7,8
DA:8,8
DA:9,11
DA:10,1
DA:11,1
DA:12,8
DA:13,8
DA:14,13
DA:15,12
DA:16,12
DA:17,12
DA:18,8
DA:19,8
DA:20,11
DA:21,1
DA:22,11
DA:23,10
DA:24,10
DA:25,10
DA:26,8
DA:27,8
DA:28,8
DA:29,8
DA:30,8
DA:31,8
DA:32,8
DA:33,8
DA:34,8
LF:34
LH:34
BRDA:3,0,0,8
BRDA:8,1,0,11
BRDA:9,2,0,1
BRDA:13,3,0,13
BRDA:14,4,0,12
BRDA:19,5,0,11
BRDA:20,6,0,1
BRDA:22,7,0,10
BRF:8
BRH:8
end_of_record
