TN:
SF:src/helper.ts
FN:1,safeNumber
FN:9,safeBoolean
FN:19,pointsToFontSize
FN:40,formatDate
FNF:4
FNH:3
FNDA:84,safeNumber
FNDA:84,safeBoolean
FNDA:14,pointsToFontSize
FNDA:0,formatDate
DA:1,84
DA:2,84
DA:3,0
DA:4,0
DA:5,84
DA:6,84
DA:7,84
DA:8,1
DA:9,84
DA:10,84
DA:11,0
DA:12,84
DA:13,1
DA:14,84
DA:15,83
DA:16,83
DA:17,84
DA:18,1
DA:19,14
DA:20,14
DA:21,14
DA:22,0
DA:23,14
DA:24,0
DA:25,14
DA:26,0
DA:27,14
DA:28,0
DA:29,14
DA:30,0
DA:31,14
DA:32,1
DA:33,14
DA:34,14
DA:35,13
DA:36,14
DA:37,14
DA:38,1
DA:39,1
DA:40,0
DA:41,0
DA:42,0
DA:43,0
DA:44,0
DA:45,0
DA:46,0
DA:47,0
DA:48,0
DA:49,0
DA:50,0
DA:51,0
DA:52,0
DA:53,0
DA:54,0
DA:55,0
DA:56,0
DA:57,0
DA:58,0
DA:59,0
DA:60,0
DA:61,0
LF:61
LH:31
BRDA:1,0,0,84
BRDA:2,1,0,2
BRDA:2,2,0,0
BRDA:6,3,0,82
BRDA:6,4,0,2
BRDA:9,5,0,84
BRDA:10,6,0,1
BRDA:10,7,0,0
BRDA:12,8,0,1
BRDA:12,9,0,1
BRDA:14,10,0,83
BRDA:19,11,0,14
BRDA:21,12,0,0
BRDA:23,13,0,0
BRDA:25,14,0,0
BRDA:27,15,0,0
BRDA:29,16,0,0
BRDA:31,17,0,1
BRDA:34,18,0,13
BRF:19
BRH:12
end_of_record
TN:
SF:src/server.ts
FN:71,prepareOptions
FN:103,fromCookie
FN:117,hasPermissionToDownloadNarrative
FNF:3
FNH:2
FNDA:14,prepareOptions
FNDA:0,fromCookie
FNDA:13,hasPermissionToDownloadNarrative
DA:1,1
DA:2,1
DA:3,1
DA:4,1
DA:5,1
DA:6,1
DA:7,1
DA:8,1
DA:9,1
DA:10,1
DA:11,1
DA:12,1
DA:13,1
DA:14,1
DA:15,1
DA:16,1
DA:17,1
DA:18,1
DA:19,1
DA:20,1
DA:21,1
DA:22,1
DA:23,1
DA:24,1
DA:25,1
DA:26,1
DA:27,1
DA:28,1
DA:29,1
DA:30,1
DA:31,1
DA:32,1
DA:33,1
DA:34,1
DA:35,1
DA:36,1
DA:37,1
DA:38,1
DA:39,1
DA:40,1
DA:41,1
DA:42,1
DA:43,1
DA:44,1
DA:45,1
DA:46,1
DA:47,1
DA:48,1
DA:49,1
DA:50,1
DA:51,1
DA:52,1
DA:53,1
DA:54,1
DA:55,1
DA:56,1
DA:57,1
DA:58,1
DA:59,1
DA:60,1
DA:61,1
DA:62,1
DA:63,1
DA:64,1
DA:65,1
DA:66,1
DA:67,1
DA:68,1
DA:69,1
DA:70,1
DA:71,14
DA:72,14
DA:73,14
DA:74,14
DA:75,14
DA:76,14
DA:77,14
DA:78,14
DA:79,14
DA:80,14
DA:81,14
DA:82,14
DA:83,14
DA:84,14
DA:85,14
DA:86,14
DA:87,14
DA:88,14
DA:89,14
DA:90,14
DA:91,14
DA:92,14
DA:93,14
DA:94,14
DA:95,1
DA:96,1
DA:97,1
DA:98,1
DA:99,1
DA:100,1
DA:101,1
DA:102,1
DA:103,1
DA:104,0
DA:105,0
DA:106,0
DA:107,0
DA:108,0
DA:109,0
DA:110,0
DA:111,0
DA:112,0
DA:113,1
DA:114,1
DA:115,1
DA:116,1
DA:117,13
DA:118,13
DA:119,13
DA:120,13
DA:121,13
DA:122,0
DA:123,0
DA:124,13
DA:125,13
DA:126,13
DA:127,13
DA:128,13
DA:129,13
DA:130,13
DA:131,13
DA:132,13
DA:133,13
DA:134,1
DA:135,1
DA:136,1
DA:137,1
DA:138,1
DA:139,1
DA:140,1
DA:141,1
DA:142,1
DA:143,1
DA:144,14
DA:145,14
DA:146,168
DA:147,14
DA:148,14
DA:149,14
DA:150,14
DA:151,14
DA:152,14
DA:153,14
DA:154,14
DA:155,14
DA:156,14
DA:157,14
DA:158,14
DA:159,14
DA:160,14
DA:161,14
DA:162,14
DA:163,14
DA:164,14
DA:165,14
DA:166,14
DA:167,14
DA:168,14
DA:169,14
DA:170,14
DA:171,14
DA:172,14
DA:173,14
DA:174,14
DA:175,14
DA:176,14
DA:177,13
DA:178,13
DA:179,13
DA:180,13
DA:181,13
DA:182,14
DA:183,3
DA:184,3
DA:185,13
DA:186,14
DA:187,10
DA:188,10
DA:189,10
DA:190,10
DA:191,10
DA:192,1
DA:193,1
DA:194,1
DA:195,1
DA:196,10
DA:197,10
DA:198,1
DA:199,1
DA:200,1
DA:201,1
DA:202,1
DA:203,1
DA:204,1
DA:205,1
DA:206,1
DA:207,10
DA:208,10
DA:209,5
DA:210,5
DA:211,5
DA:212,10
DA:213,10
DA:214,1
DA:215,1
DA:216,1
DA:217,1
DA:218,1
DA:219,1
DA:220,1
DA:221,1
DA:222,1
DA:223,10
DA:224,10
DA:225,1
DA:226,1
DA:227,1
DA:228,1
DA:229,10
DA:230,10
DA:231,1
DA:232,1
DA:233,1
DA:234,1
DA:235,10
DA:236,14
DA:237,3
DA:238,3
DA:239,3
DA:240,3
DA:241,3
DA:242,14
DA:243,1
DA:244,1
DA:245,1
DA:246,1
DA:247,1
DA:248,1
DA:249,1
DA:250,1
DA:251,1
DA:252,1
DA:253,1
DA:254,0
DA:255,0
DA:256,0
DA:257,1
DA:258,1
LF:258
LH:244
BRDA:100,0,0,0
BRDA:253,1,0,0
BRDA:71,2,0,14
BRDA:117,3,0,13
BRDA:118,4,0,2
BRDA:121,5,0,0
BRDA:128,6,0,6
BRDA:128,7,0,5
BRDA:130,8,0,5
BRDA:130,9,0,4
BRDA:130,10,0,1
BRDA:132,11,0,4
BRDA:132,12,0,3
BRDA:132,13,0,2
BRDA:143,14,0,14
BRDA:150,15,0,1
BRDA:164,16,0,5
BRDA:165,17,0,5
BRDA:177,18,0,13
BRDA:182,19,0,3
BRDA:185,20,0,13
BRDA:186,21,0,10
BRDA:191,22,0,1
BRDA:197,23,0,1
BRDA:203,24,0,0
BRDA:208,25,0,5
BRDA:213,26,0,1
BRDA:219,27,0,0
BRDA:224,28,0,1
BRDA:230,29,0,1
BRDA:236,30,0,1
BRDA:236,31,0,3
BRDA:242,32,0,1
BRDA:145,33,0,168
BRDA:249,34,0,1
BRF:35
BRH:30
end_of_record
